;  LST file generated by mikroListExporter - v.2.0 
; Date/Time: 5.05.2022 11:53:59
;----------------------------------------------

;Address Opcode 	ASM
0x0000	0xF004EFE5  	GOTO        2506
0x0004	0x0000      	NOP
0x0006	0x0000      	NOP
0x0008	0xF000EF00  	GOTO        0
0x000C	0x0000      	NOP
0x000E	0x0000      	NOP
0x0010	0x0000      	NOP
0x0012	0x0000      	NOP
0x0014	0x0000      	NOP
0x0016	0x0000      	NOP
0x0018	0xD7F3      	BRA         0
_UART1_Write:
;__Lib_UART_c67d67.c,63 :: 		
;__Lib_UART_c67d67.c,64 :: 		
L_UART1_Write3:
0x001C	0xB2AC      	BTFSC       TXSTA, 1 
0x001E	0xD002      	BRA         L_UART1_Write4
;__Lib_UART_c67d67.c,65 :: 		
0x0020	0x0000      	NOP
0x0022	0xD7FC      	BRA         L_UART1_Write3
L_UART1_Write4:
;__Lib_UART_c67d67.c,66 :: 		
0x0024	0xFFADC113  	MOVFF       FARG_UART1_Write_data_, TXREG
;__Lib_UART_c67d67.c,67 :: 		
L_end_UART1_Write:
0x0028	0x0012      	RETURN      0
; end of _UART1_Write
_UART2_Write:
;__Lib_UART_c67d67.c,160 :: 		
;__Lib_UART_c67d67.c,161 :: 		
L_UART2_Write19:
0x002A	0xB272      	BTFSC       TXSTA2, 1 
0x002C	0xD001      	BRA         L_UART2_Write20
;__Lib_UART_c67d67.c,162 :: 		
0x002E	0xD7FD      	BRA         L_UART2_Write19
L_UART2_Write20:
;__Lib_UART_c67d67.c,163 :: 		
0x0030	0xFF73C113  	MOVFF       FARG_UART2_Write_data_, TXREG2
;__Lib_UART_c67d67.c,164 :: 		
L_end_UART2_Write:
0x0034	0x0012      	RETURN      0
; end of _UART2_Write
_SPI1_Write:
;__Lib_SPI_c345d014.c,84 :: 		
;__Lib_SPI_c345d014.c,87 :: 		
0x0036	0xFFC9C113  	MOVFF       FARG_SPI1_Write_data_, SSP1BUF
;__Lib_SPI_c345d014.c,88 :: 		
L_SPI1_Write8:
0x003A	0xB0C7      	BTFSC       SSP1STAT, 0 
0x003C	0xD002      	BRA         L_SPI1_Write9
;__Lib_SPI_c345d014.c,89 :: 		
0x003E	0x0000      	NOP
0x0040	0xD7FC      	BRA         L_SPI1_Write8
L_SPI1_Write9:
;__Lib_SPI_c345d014.c,90 :: 		
0x0042	0xF000CFC9  	MOVFF       SSP1BUF, R0
;__Lib_SPI_c345d014.c,92 :: 		
L_end_SPI1_Write:
0x0046	0x0012      	RETURN      0
; end of _SPI1_Write
_SPI2_Write:
;__Lib_SPI_c345d014.c,155 :: 		
;__Lib_SPI_c345d014.c,158 :: 		
0x0048	0xFF6FC113  	MOVFF       FARG_SPI2_Write_data_, SSP2BUF
;__Lib_SPI_c345d014.c,159 :: 		
L_SPI2_Write16:
0x004C	0xB06D      	BTFSC       SSP2STAT, 0 
0x004E	0xD002      	BRA         L_SPI2_Write17
;__Lib_SPI_c345d014.c,160 :: 		
0x0050	0x0000      	NOP
0x0052	0xD7FC      	BRA         L_SPI2_Write16
L_SPI2_Write17:
;__Lib_SPI_c345d014.c,161 :: 		
0x0054	0xF000CF6F  	MOVFF       SSP2BUF, R0
;__Lib_SPI_c345d014.c,163 :: 		
L_end_SPI2_Write:
0x0058	0x0012      	RETURN      0
; end of _SPI2_Write
_I2C1_Is_Idle:
;__Lib_I2C_c34d01.c,39 :: 		
;__Lib_I2C_c34d01.c,40 :: 		
0x005A	0xB4C7      	BTFSC       SSPSTAT, 2 
0x005C	0xD009      	BRA         L_I2C1_Is_Idle0
;__Lib_I2C_c34d01.c,41 :: 		
0x005E	0x0E1F      	MOVLW       31
0x0060	0x14C5      	ANDWF       SSP1CON2, 0 
0x0062	0x6E01      	MOVWF       R1 
0x0064	0x5001      	MOVF        R1, 0 
0x0066	0x0A00      	XORLW       0
0x0068	0xE103      	BNZ         L_I2C1_Is_Idle1
;__Lib_I2C_c34d01.c,42 :: 		
0x006A	0x0E01      	MOVLW       1
0x006C	0x6E00      	MOVWF       R0 
0x006E	0xD001      	BRA         L_end_I2C1_Is_Idle
L_I2C1_Is_Idle1:
L_I2C1_Is_Idle0:
;__Lib_I2C_c34d01.c,43 :: 		
0x0070	0x6A00      	CLRF        R0 
;__Lib_I2C_c34d01.c,44 :: 		
L_end_I2C1_Is_Idle:
0x0072	0x0012      	RETURN      0
; end of _I2C1_Is_Idle
_____DoIFC:
;__Lib_System.c,93 :: 		
;__Lib_System.c,94 :: 		
0x0074	0x50F2      	MOVF        INTCON, 0, 0
;__Lib_System.c,95 :: 		
0x0076	0x6E02      	MOVWF       R2, 0
;__Lib_System.c,96 :: 		
0x0078	0x9EF2      	BCF         INTCON, 7 
;__Lib_System.c,97 :: 		
0x007A	0x0005      	PUSH
;__Lib_System.c,98 :: 		
0x007C	0x6AFF      	CLRF        TOSU, 0
;__Lib_System.c,99 :: 		
0x007E	0x5001      	MOVF        R1, 0, 0
;__Lib_System.c,100 :: 		
0x0080	0x6EFE      	MOVWF       TOSH, 0
;__Lib_System.c,101 :: 		
0x0082	0x5000      	MOVF        R0, 0, 0
;__Lib_System.c,102 :: 		
0x0084	0x6EFD      	MOVWF       TOSL, 0
;__Lib_System.c,103 :: 		
0x0086	0xBE02      	BTFSC       R2, 7, 0
;__Lib_System.c,104 :: 		
0x0088	0x8EF2      	BSF         INTCON, 7, 0
;__Lib_System.c,105 :: 		
;__Lib_System.c,107 :: 		
L_end_____DoIFC:
0x008A	0x0012      	RETURN      0
; end of _____DoIFC
_I2C1_Wr:
;__Lib_I2C_c34d01.c,147 :: 		
;__Lib_I2C_c34d01.c,150 :: 		
0x008C	0x969E      	BCF         PIR1, 3 
;__Lib_I2C_c34d01.c,151 :: 		
0x008E	0xFFC9C10D  	MOVFF       FARG_I2C1_Wr_data_, SSP1BUF
;__Lib_I2C_c34d01.c,153 :: 		
0x0092	0xF10EC034  	MOVFF       __Lib_I2C_c34d01__I2C1_TIMEOUT, I2C1_Wr_timeout_L0
0x0096	0xF10FC035  	MOVFF       __Lib_I2C_c34d01__I2C1_TIMEOUT+1, I2C1_Wr_timeout_L0+1
0x009A	0xF110C036  	MOVFF       __Lib_I2C_c34d01__I2C1_TIMEOUT+2, I2C1_Wr_timeout_L0+2
0x009E	0xF111C037  	MOVFF       __Lib_I2C_c34d01__I2C1_TIMEOUT+3, I2C1_Wr_timeout_L0+3
;__Lib_I2C_c34d01.c,155 :: 		
L_I2C1_Wr26:
0x00A2	0xA4C7      	BTFSS       SSPSTAT, 2 
0x00A4	0xD021      	BRA         L_I2C1_Wr27
;__Lib_I2C_c34d01.c,157 :: 		
0x00A6	0x5034      	MOVF        __Lib_I2C_c34d01__I2C1_TIMEOUT, 0 
0x00A8	0x1035      	IORWF       __Lib_I2C_c34d01__I2C1_TIMEOUT+1, 0 
0x00AA	0x1036      	IORWF       __Lib_I2C_c34d01__I2C1_TIMEOUT+2, 0 
0x00AC	0x1037      	IORWF       __Lib_I2C_c34d01__I2C1_TIMEOUT+3, 0 
0x00AE	0xE01B      	BZ          L_I2C1_Wr28
;__Lib_I2C_c34d01.c,159 :: 		
0x00B0	0x0101      	MOVLB       1
0x00B2	0x510E      	MOVF        I2C1_Wr_timeout_L0, 0, 1
0x00B4	0x110F      	IORWF       I2C1_Wr_timeout_L0+1, 0, 1
0x00B6	0x1110      	IORWF       I2C1_Wr_timeout_L0+2, 0, 1
0x00B8	0x1111      	IORWF       I2C1_Wr_timeout_L0+3, 0, 1
0x00BA	0xE10E      	BNZ         L_I2C1_Wr29
;__Lib_I2C_c34d01.c,161 :: 		
0x00BC	0xFFE1C0A6  	MOVFF       _I2C1_Timeout_Ptr+2, FSR1
0x00C0	0xFFE2C0A7  	MOVFF       _I2C1_Timeout_Ptr+3, FSR1+1
0x00C4	0x0E04      	MOVLW       4
0x00C6	0x6EE6      	MOVWF       POSTINC1 
0x00C8	0xF000C0A4  	MOVFF       _I2C1_Timeout_Ptr, R0
0x00CC	0xF001C0A5  	MOVFF       _I2C1_Timeout_Ptr+1, R1
0x00D0	0xDFD1      	RCALL       _____DoIFC
;__Lib_I2C_c34d01.c,162 :: 		
0x00D2	0x0E01      	MOVLW       1
0x00D4	0x6E00      	MOVWF       R0 
0x00D6	0xD03A      	BRA         L_end_I2C1_Wr
;__Lib_I2C_c34d01.c,163 :: 		
L_I2C1_Wr29:
;__Lib_I2C_c34d01.c,164 :: 		
0x00D8	0x0E01      	MOVLW       1
0x00DA	0x0101      	MOVLB       1
0x00DC	0x5F0E      	SUBWF       I2C1_Wr_timeout_L0, 1, 1
0x00DE	0x0E00      	MOVLW       0
0x00E0	0x5B0F      	SUBWFB      I2C1_Wr_timeout_L0+1, 1, 1
0x00E2	0x5B10      	SUBWFB      I2C1_Wr_timeout_L0+2, 1, 1
0x00E4	0x5B11      	SUBWFB      I2C1_Wr_timeout_L0+3, 1, 1
;__Lib_I2C_c34d01.c,165 :: 		
L_I2C1_Wr28:
;__Lib_I2C_c34d01.c,166 :: 		
0x00E6	0xD7DD      	BRA         L_I2C1_Wr26
L_I2C1_Wr27:
;__Lib_I2C_c34d01.c,168 :: 		
0x00E8	0xF10EC034  	MOVFF       __Lib_I2C_c34d01__I2C1_TIMEOUT, I2C1_Wr_timeout_L0
0x00EC	0xF10FC035  	MOVFF       __Lib_I2C_c34d01__I2C1_TIMEOUT+1, I2C1_Wr_timeout_L0+1
0x00F0	0xF110C036  	MOVFF       __Lib_I2C_c34d01__I2C1_TIMEOUT+2, I2C1_Wr_timeout_L0+2
0x00F4	0xF111C037  	MOVFF       __Lib_I2C_c34d01__I2C1_TIMEOUT+3, I2C1_Wr_timeout_L0+3
;__Lib_I2C_c34d01.c,170 :: 		
L_I2C1_Wr30:
0x00F8	0xB69E      	BTFSC       PIR1, 3 
0x00FA	0xD021      	BRA         L_I2C1_Wr31
;__Lib_I2C_c34d01.c,172 :: 		
0x00FC	0x5034      	MOVF        __Lib_I2C_c34d01__I2C1_TIMEOUT, 0 
0x00FE	0x1035      	IORWF       __Lib_I2C_c34d01__I2C1_TIMEOUT+1, 0 
0x0100	0x1036      	IORWF       __Lib_I2C_c34d01__I2C1_TIMEOUT+2, 0 
0x0102	0x1037      	IORWF       __Lib_I2C_c34d01__I2C1_TIMEOUT+3, 0 
0x0104	0xE01B      	BZ          L_I2C1_Wr32
;__Lib_I2C_c34d01.c,174 :: 		
0x0106	0x0101      	MOVLB       1
0x0108	0x510E      	MOVF        I2C1_Wr_timeout_L0, 0, 1
0x010A	0x110F      	IORWF       I2C1_Wr_timeout_L0+1, 0, 1
0x010C	0x1110      	IORWF       I2C1_Wr_timeout_L0+2, 0, 1
0x010E	0x1111      	IORWF       I2C1_Wr_timeout_L0+3, 0, 1
0x0110	0xE10E      	BNZ         L_I2C1_Wr33
;__Lib_I2C_c34d01.c,176 :: 		
0x0112	0xFFE1C0A6  	MOVFF       _I2C1_Timeout_Ptr+2, FSR1
0x0116	0xFFE2C0A7  	MOVFF       _I2C1_Timeout_Ptr+3, FSR1+1
0x011A	0x0E04      	MOVLW       4
0x011C	0x6EE6      	MOVWF       POSTINC1 
0x011E	0xF000C0A4  	MOVFF       _I2C1_Timeout_Ptr, R0
0x0122	0xF001C0A5  	MOVFF       _I2C1_Timeout_Ptr+1, R1
0x0126	0xDFA6      	RCALL       _____DoIFC
;__Lib_I2C_c34d01.c,177 :: 		
0x0128	0x0E01      	MOVLW       1
0x012A	0x6E00      	MOVWF       R0 
0x012C	0xD00F      	BRA         L_end_I2C1_Wr
;__Lib_I2C_c34d01.c,178 :: 		
L_I2C1_Wr33:
;__Lib_I2C_c34d01.c,179 :: 		
0x012E	0x0E01      	MOVLW       1
0x0130	0x0101      	MOVLB       1
0x0132	0x5F0E      	SUBWF       I2C1_Wr_timeout_L0, 1, 1
0x0134	0x0E00      	MOVLW       0
0x0136	0x5B0F      	SUBWFB      I2C1_Wr_timeout_L0+1, 1, 1
0x0138	0x5B10      	SUBWFB      I2C1_Wr_timeout_L0+2, 1, 1
0x013A	0x5B11      	SUBWFB      I2C1_Wr_timeout_L0+3, 1, 1
;__Lib_I2C_c34d01.c,180 :: 		
L_I2C1_Wr32:
;__Lib_I2C_c34d01.c,181 :: 		
0x013C	0xD7DD      	BRA         L_I2C1_Wr30
L_I2C1_Wr31:
;__Lib_I2C_c34d01.c,184 :: 		
0x013E	0xBCC5      	BTFSC       SSP1CON2, 6 
0x0140	0xD002      	BRA         L_I2C1_Wr34
;__Lib_I2C_c34d01.c,185 :: 		
0x0142	0x6A00      	CLRF        R0 
0x0144	0xD003      	BRA         L_end_I2C1_Wr
;__Lib_I2C_c34d01.c,186 :: 		
L_I2C1_Wr34:
;__Lib_I2C_c34d01.c,188 :: 		
0x0146	0x84C5      	BSF         SSP1CON2, 2 
;__Lib_I2C_c34d01.c,189 :: 		
0x0148	0x0E02      	MOVLW       2
0x014A	0x6E00      	MOVWF       R0 
;__Lib_I2C_c34d01.c,191 :: 		
L_end_I2C1_Wr:
0x014C	0x0012      	RETURN      0
; end of _I2C1_Wr
_I2C1_Repeated_Start:
;__Lib_I2C_c34d01.c,77 :: 		
;__Lib_I2C_c34d01.c,80 :: 		
0x014E	0xF10DC034  	MOVFF       __Lib_I2C_c34d01__I2C1_TIMEOUT, I2C1_Repeated_Start_timeout_L0
0x0152	0xF10EC035  	MOVFF       __Lib_I2C_c34d01__I2C1_TIMEOUT+1, I2C1_Repeated_Start_timeout_L0+1
0x0156	0xF10FC036  	MOVFF       __Lib_I2C_c34d01__I2C1_TIMEOUT+2, I2C1_Repeated_Start_timeout_L0+2
0x015A	0xF110C037  	MOVFF       __Lib_I2C_c34d01__I2C1_TIMEOUT+3, I2C1_Repeated_Start_timeout_L0+3
;__Lib_I2C_c34d01.c,82 :: 		
0x015E	0x82C5      	BSF         SSP1CON2, 1 
;__Lib_I2C_c34d01.c,83 :: 		
L_I2C1_Repeated_Start12:
0x0160	0xA2C5      	BTFSS       SSP1CON2, 1 
0x0162	0xD01F      	BRA         L_I2C1_Repeated_Start13
;__Lib_I2C_c34d01.c,85 :: 		
0x0164	0x5034      	MOVF        __Lib_I2C_c34d01__I2C1_TIMEOUT, 0 
0x0166	0x1035      	IORWF       __Lib_I2C_c34d01__I2C1_TIMEOUT+1, 0 
0x0168	0x1036      	IORWF       __Lib_I2C_c34d01__I2C1_TIMEOUT+2, 0 
0x016A	0x1037      	IORWF       __Lib_I2C_c34d01__I2C1_TIMEOUT+3, 0 
0x016C	0xE019      	BZ          L_I2C1_Repeated_Start14
;__Lib_I2C_c34d01.c,87 :: 		
0x016E	0x0101      	MOVLB       1
0x0170	0x510D      	MOVF        I2C1_Repeated_Start_timeout_L0, 0, 1
0x0172	0x110E      	IORWF       I2C1_Repeated_Start_timeout_L0+1, 0, 1
0x0174	0x110F      	IORWF       I2C1_Repeated_Start_timeout_L0+2, 0, 1
0x0176	0x1110      	IORWF       I2C1_Repeated_Start_timeout_L0+3, 0, 1
0x0178	0xE10C      	BNZ         L_I2C1_Repeated_Start15
;__Lib_I2C_c34d01.c,89 :: 		
0x017A	0xFFE1C0A6  	MOVFF       _I2C1_Timeout_Ptr+2, FSR1
0x017E	0xFFE2C0A7  	MOVFF       _I2C1_Timeout_Ptr+3, FSR1+1
0x0182	0x0E06      	MOVLW       6
0x0184	0x6EE6      	MOVWF       POSTINC1 
0x0186	0xF000C0A4  	MOVFF       _I2C1_Timeout_Ptr, R0
0x018A	0xF001C0A5  	MOVFF       _I2C1_Timeout_Ptr+1, R1
0x018E	0xDF72      	RCALL       _____DoIFC
;__Lib_I2C_c34d01.c,90 :: 		
0x0190	0xD008      	BRA         L_I2C1_Repeated_Start13
;__Lib_I2C_c34d01.c,91 :: 		
L_I2C1_Repeated_Start15:
;__Lib_I2C_c34d01.c,92 :: 		
0x0192	0x0E01      	MOVLW       1
0x0194	0x0101      	MOVLB       1
0x0196	0x5F0D      	SUBWF       I2C1_Repeated_Start_timeout_L0, 1, 1
0x0198	0x0E00      	MOVLW       0
0x019A	0x5B0E      	SUBWFB      I2C1_Repeated_Start_timeout_L0+1, 1, 1
0x019C	0x5B0F      	SUBWFB      I2C1_Repeated_Start_timeout_L0+2, 1, 1
0x019E	0x5B10      	SUBWFB      I2C1_Repeated_Start_timeout_L0+3, 1, 1
;__Lib_I2C_c34d01.c,93 :: 		
L_I2C1_Repeated_Start14:
;__Lib_I2C_c34d01.c,94 :: 		
0x01A0	0xD7DF      	BRA         L_I2C1_Repeated_Start12
L_I2C1_Repeated_Start13:
;__Lib_I2C_c34d01.c,95 :: 		
L_end_I2C1_Repeated_Start:
0x01A2	0x0012      	RETURN      0
; end of _I2C1_Repeated_Start
_Div_16X16_U:
;__Lib_Math.c,102 :: 		
;__Lib_Math.c,109 :: 		
0x01A4	0x6A08      	CLRF        R8, 0
;__Lib_Math.c,110 :: 		
0x01A6	0x6A09      	CLRF        R9, 0
;__Lib_Math.c,111 :: 		
0x01A8	0x0E10      	MOVLW       16
;__Lib_Math.c,112 :: 		
0x01AA	0x6E0C      	MOVWF       R12, 0
;__Lib_Math.c,113 :: 		
0x01AC	0x3401      	RLCF        R1, 0, 0
;__Lib_Math.c,114 :: 		
0x01AE	0x3608      	RLCF        R8, 1, 0
;__Lib_Math.c,115 :: 		
0x01B0	0x3609      	RLCF        R9, 1, 0
;__Lib_Math.c,116 :: 		
0x01B2	0x5004      	MOVF        R4, 0, 0
;__Lib_Math.c,117 :: 		
0x01B4	0x5E08      	SUBWF       R8, 1, 0
;__Lib_Math.c,118 :: 		
0x01B6	0x5005      	MOVF        R5, 0, 0
;__Lib_Math.c,119 :: 		
0x01B8	0xA0D8      	BTFSS       STATUS, 0, 0
;__Lib_Math.c,120 :: 		
0x01BA	0x3C05      	INCFSZ      R5, 0, 0
;__Lib_Math.c,121 :: 		
0x01BC	0x5E09      	SUBWF       R9, 1, 0
;__Lib_Math.c,122 :: 		
0x01BE	0xB0D8      	BTFSC       STATUS, 0, 0
;__Lib_Math.c,123 :: 		
0x01C0	0xD007      	BRA         $+16
;__Lib_Math.c,124 :: 		
0x01C2	0x5004      	MOVF        R4, 0, 0
;__Lib_Math.c,125 :: 		
0x01C4	0x2608      	ADDWF       R8, 1, 0
;__Lib_Math.c,126 :: 		
0x01C6	0x5005      	MOVF        R5, 0, 0
;__Lib_Math.c,127 :: 		
0x01C8	0xB0D8      	BTFSC       STATUS, 0, 0
;__Lib_Math.c,128 :: 		
0x01CA	0x3C05      	INCFSZ      R5, 0, 0
;__Lib_Math.c,129 :: 		
0x01CC	0x2609      	ADDWF       R9, 1, 0
;__Lib_Math.c,130 :: 		
0x01CE	0x90D8      	BCF         STATUS, 0, 0
;__Lib_Math.c,131 :: 		
0x01D0	0x3600      	RLCF        R0, 1, 0
;__Lib_Math.c,132 :: 		
0x01D2	0x3601      	RLCF        R1, 1, 0
;__Lib_Math.c,133 :: 		
0x01D4	0x2E0C      	DECFSZ      R12, 1, 0
;__Lib_Math.c,134 :: 		
0x01D6	0xD7EA      	BRA         $-42
;__Lib_Math.c,136 :: 		
L_end_Div_16X16_U:
0x01D8	0x0012      	RETURN      0
; end of _Div_16X16_U
_I2C1_Start:
;__Lib_I2C_c34d01.c,46 :: 		
;__Lib_I2C_c34d01.c,50 :: 		
0x01DA	0xF10FC034  	MOVFF       __Lib_I2C_c34d01__I2C1_TIMEOUT, I2C1_Start_timeout_L0
0x01DE	0xF110C035  	MOVFF       __Lib_I2C_c34d01__I2C1_TIMEOUT+1, I2C1_Start_timeout_L0+1
0x01E2	0xF111C036  	MOVFF       __Lib_I2C_c34d01__I2C1_TIMEOUT+2, I2C1_Start_timeout_L0+2
0x01E6	0xF112C037  	MOVFF       __Lib_I2C_c34d01__I2C1_TIMEOUT+3, I2C1_Start_timeout_L0+3
;__Lib_I2C_c34d01.c,52 :: 		
0x01EA	0x0101      	MOVLB       1
0x01EC	0x6B0D      	CLRF        I2C1_Start_j_L0, 1
0x01EE	0x6B0E      	CLRF        I2C1_Start_j_L0+1, 1
L_I2C1_Start2:
0x01F0	0x510E      	MOVF        I2C1_Start_j_L0+1, 0, 1
0x01F2	0x0812      	SUBLW       18
0x01F4	0xE102      	BNZ         L__I2C1_Start76
0x01F6	0x510D      	MOVF        I2C1_Start_j_L0, 0, 1
0x01F8	0x088E      	SUBLW       142
L__I2C1_Start76:
0x01FA	0xE308      	BNC         L_I2C1_Start3
;__Lib_I2C_c34d01.c,53 :: 		
0x01FC	0xDF2E      	RCALL       _I2C1_Is_Idle
0x01FE	0x5200      	MOVF        R0, 1 
0x0200	0xE001      	BZ          L_I2C1_Start5
;__Lib_I2C_c34d01.c,54 :: 		
0x0202	0xD004      	BRA         L_I2C1_Start3
L_I2C1_Start5:
;__Lib_I2C_c34d01.c,52 :: 		
0x0204	0x0101      	MOVLB       1
0x0206	0x4B0D      	INFSNZ      I2C1_Start_j_L0, 1, 1
0x0208	0x2B0E      	INCF        I2C1_Start_j_L0+1, 1, 1
;__Lib_I2C_c34d01.c,55 :: 		
0x020A	0xD7F2      	BRA         L_I2C1_Start2
L_I2C1_Start3:
0x020C	0x0101      	MOVLB       1
;__Lib_I2C_c34d01.c,57 :: 		
0x020E	0x0E12      	MOVLW       18
0x0210	0x5D0E      	SUBWF       I2C1_Start_j_L0+1, 0, 1
0x0212	0xE102      	BNZ         L__I2C1_Start77
0x0214	0x0E8F      	MOVLW       143
0x0216	0x5D0D      	SUBWF       I2C1_Start_j_L0, 0, 1
L__I2C1_Start77:
0x0218	0xE303      	BNC         L_I2C1_Start6
;__Lib_I2C_c34d01.c,58 :: 		
0x021A	0x0E7B      	MOVLW       123
0x021C	0x6E00      	MOVWF       R0 
0x021E	0xD024      	BRA         L_end_I2C1_Start
L_I2C1_Start6:
;__Lib_I2C_c34d01.c,60 :: 		
0x0220	0x80C5      	BSF         SSP1CON2, 0 
;__Lib_I2C_c34d01.c,61 :: 		
L_I2C1_Start8:
0x0222	0xA0C5      	BTFSS       SSP1CON2, 0 
0x0224	0xD020      	BRA         L_I2C1_Start9
;__Lib_I2C_c34d01.c,63 :: 		
0x0226	0x5034      	MOVF        __Lib_I2C_c34d01__I2C1_TIMEOUT, 0 
0x0228	0x1035      	IORWF       __Lib_I2C_c34d01__I2C1_TIMEOUT+1, 0 
0x022A	0x1036      	IORWF       __Lib_I2C_c34d01__I2C1_TIMEOUT+2, 0 
0x022C	0x1037      	IORWF       __Lib_I2C_c34d01__I2C1_TIMEOUT+3, 0 
0x022E	0xE01A      	BZ          L_I2C1_Start10
;__Lib_I2C_c34d01.c,65 :: 		
0x0230	0x510F      	MOVF        I2C1_Start_timeout_L0, 0, 1
0x0232	0x1110      	IORWF       I2C1_Start_timeout_L0+1, 0, 1
0x0234	0x1111      	IORWF       I2C1_Start_timeout_L0+2, 0, 1
0x0236	0x1112      	IORWF       I2C1_Start_timeout_L0+3, 0, 1
0x0238	0xE10E      	BNZ         L_I2C1_Start11
;__Lib_I2C_c34d01.c,67 :: 		
0x023A	0xFFE1C0A6  	MOVFF       _I2C1_Timeout_Ptr+2, FSR1
0x023E	0xFFE2C0A7  	MOVFF       _I2C1_Timeout_Ptr+3, FSR1+1
0x0242	0x0E05      	MOVLW       5
0x0244	0x6EE6      	MOVWF       POSTINC1 
0x0246	0xF000C0A4  	MOVFF       _I2C1_Timeout_Ptr, R0
0x024A	0xF001C0A5  	MOVFF       _I2C1_Timeout_Ptr+1, R1
0x024E	0xDF12      	RCALL       _____DoIFC
;__Lib_I2C_c34d01.c,68 :: 		
0x0250	0x0E01      	MOVLW       1
0x0252	0x6E00      	MOVWF       R0 
0x0254	0xD009      	BRA         L_end_I2C1_Start
;__Lib_I2C_c34d01.c,69 :: 		
L_I2C1_Start11:
;__Lib_I2C_c34d01.c,70 :: 		
0x0256	0x0E01      	MOVLW       1
0x0258	0x0101      	MOVLB       1
0x025A	0x5F0F      	SUBWF       I2C1_Start_timeout_L0, 1, 1
0x025C	0x0E00      	MOVLW       0
0x025E	0x5B10      	SUBWFB      I2C1_Start_timeout_L0+1, 1, 1
0x0260	0x5B11      	SUBWFB      I2C1_Start_timeout_L0+2, 1, 1
0x0262	0x5B12      	SUBWFB      I2C1_Start_timeout_L0+3, 1, 1
;__Lib_I2C_c34d01.c,71 :: 		
L_I2C1_Start10:
;__Lib_I2C_c34d01.c,72 :: 		
0x0264	0xD7DE      	BRA         L_I2C1_Start8
L_I2C1_Start9:
;__Lib_I2C_c34d01.c,73 :: 		
0x0266	0x6A00      	CLRF        R0 
;__Lib_I2C_c34d01.c,75 :: 		
L_end_I2C1_Start:
0x0268	0x0012      	RETURN      0
; end of _I2C1_Start
_Mul_16X16_U:
;__Lib_Math.c,440 :: 		
;__Lib_Math.c,447 :: 		
0x026A	0x6A0B      	CLRF        R11, 0
;__Lib_Math.c,448 :: 		
0x026C	0x6A0A      	CLRF        R10, 0
;__Lib_Math.c,449 :: 		
0x026E	0x6A09      	CLRF        R9, 0
;__Lib_Math.c,450 :: 		
0x0270	0x5000      	MOVF        R0, 0, 0
;__Lib_Math.c,451 :: 		
0x0272	0x0204      	MULWF       R4, 0
;__Lib_Math.c,453 :: 		
0x0274	0xF009CFF4  	MOVFF       PRODH, R9
;__Lib_Math.c,454 :: 		
0x0278	0xF008CFF3  	MOVFF       PRODL, R8
;__Lib_Math.c,455 :: 		
0x027C	0x5001      	MOVF        R1, 0, 0
;__Lib_Math.c,456 :: 		
0x027E	0x0205      	MULWF       R5, 0
;__Lib_Math.c,458 :: 		
0x0280	0xF00BCFF4  	MOVFF       PRODH, R11
;__Lib_Math.c,459 :: 		
0x0284	0xF00ACFF3  	MOVFF       PRODL, R10
;__Lib_Math.c,460 :: 		
0x0288	0x5000      	MOVF        R0, 0, 0
;__Lib_Math.c,461 :: 		
0x028A	0x0205      	MULWF       R5, 0
;__Lib_Math.c,463 :: 		
0x028C	0x50F3      	MOVF        PRODL, 0, 0
;__Lib_Math.c,464 :: 		
0x028E	0x2609      	ADDWF       R9, 1, 0
;__Lib_Math.c,465 :: 		
0x0290	0x50F4      	MOVF        PRODH, 0, 0
;__Lib_Math.c,466 :: 		
0x0292	0x220A      	ADDWFC      R10, 1, 0
;__Lib_Math.c,467 :: 		
0x0294	0x6AE8      	CLRF        WREG, 0
;__Lib_Math.c,468 :: 		
0x0296	0x220B      	ADDWFC      R11, 1, 0
;__Lib_Math.c,469 :: 		
0x0298	0x5001      	MOVF        R1, 0, 0
;__Lib_Math.c,470 :: 		
0x029A	0x0204      	MULWF       R4, 0
;__Lib_Math.c,472 :: 		
0x029C	0x50F3      	MOVF        PRODL, 0, 0
;__Lib_Math.c,473 :: 		
0x029E	0x2609      	ADDWF       R9, 1, 0
;__Lib_Math.c,474 :: 		
0x02A0	0x50F4      	MOVF        PRODH, 0, 0
;__Lib_Math.c,475 :: 		
0x02A2	0x220A      	ADDWFC      R10, 1, 0
;__Lib_Math.c,476 :: 		
0x02A4	0x6AE8      	CLRF        WREG, 0
;__Lib_Math.c,477 :: 		
0x02A6	0x220B      	ADDWFC      R11, 1, 0
;__Lib_Math.c,479 :: 		
0x02A8	0xF000C008  	MOVFF       R8, R0
;__Lib_Math.c,480 :: 		
0x02AC	0xF001C009  	MOVFF       R9, R1
;__Lib_Math.c,481 :: 		
0x02B0	0xF002C00A  	MOVFF       R10, R2
;__Lib_Math.c,482 :: 		
0x02B4	0xF003C00B  	MOVFF       R11, R3
;__Lib_Math.c,485 :: 		
L_end_Mul_16X16_U:
0x02B8	0x0012      	RETURN      0
; end of _Mul_16X16_U
_I2C1_Stop:
;__Lib_I2C_c34d01.c,193 :: 		
;__Lib_I2C_c34d01.c,194 :: 		
0x02BA	0x84C5      	BSF         SSP1CON2, 2 
;__Lib_I2C_c34d01.c,195 :: 		
L_end_I2C1_Stop:
0x02BC	0x0012      	RETURN      0
; end of _I2C1_Stop
_I2C1_Rd:
;__Lib_I2C_c34d01.c,97 :: 		
;__Lib_I2C_c34d01.c,101 :: 		
0x02BE	0xF10FC034  	MOVFF       __Lib_I2C_c34d01__I2C1_TIMEOUT, I2C1_Rd_timeout_L0
0x02C2	0xF110C035  	MOVFF       __Lib_I2C_c34d01__I2C1_TIMEOUT+1, I2C1_Rd_timeout_L0+1
0x02C6	0xF111C036  	MOVFF       __Lib_I2C_c34d01__I2C1_TIMEOUT+2, I2C1_Rd_timeout_L0+2
0x02CA	0xF112C037  	MOVFF       __Lib_I2C_c34d01__I2C1_TIMEOUT+3, I2C1_Rd_timeout_L0+3
;__Lib_I2C_c34d01.c,103 :: 		
0x02CE	0x969E      	BCF         PIR1, 3 
;__Lib_I2C_c34d01.c,104 :: 		
0x02D0	0x86C5      	BSF         SSP1CON2, 3 
;__Lib_I2C_c34d01.c,106 :: 		
L_I2C1_Rd16:
0x02D2	0xB69E      	BTFSC       PIR1, 3 
0x02D4	0xD01F      	BRA         L_I2C1_Rd17
;__Lib_I2C_c34d01.c,108 :: 		
0x02D6	0x5034      	MOVF        __Lib_I2C_c34d01__I2C1_TIMEOUT, 0 
0x02D8	0x1035      	IORWF       __Lib_I2C_c34d01__I2C1_TIMEOUT+1, 0 
0x02DA	0x1036      	IORWF       __Lib_I2C_c34d01__I2C1_TIMEOUT+2, 0 
0x02DC	0x1037      	IORWF       __Lib_I2C_c34d01__I2C1_TIMEOUT+3, 0 
0x02DE	0xE019      	BZ          L_I2C1_Rd18
;__Lib_I2C_c34d01.c,110 :: 		
0x02E0	0x0101      	MOVLB       1
0x02E2	0x510F      	MOVF        I2C1_Rd_timeout_L0, 0, 1
0x02E4	0x1110      	IORWF       I2C1_Rd_timeout_L0+1, 0, 1
0x02E6	0x1111      	IORWF       I2C1_Rd_timeout_L0+2, 0, 1
0x02E8	0x1112      	IORWF       I2C1_Rd_timeout_L0+3, 0, 1
0x02EA	0xE10C      	BNZ         L_I2C1_Rd19
;__Lib_I2C_c34d01.c,112 :: 		
0x02EC	0xFFE1C0A6  	MOVFF       _I2C1_Timeout_Ptr+2, FSR1
0x02F0	0xFFE2C0A7  	MOVFF       _I2C1_Timeout_Ptr+3, FSR1+1
0x02F4	0x0E03      	MOVLW       3
0x02F6	0x6EE6      	MOVWF       POSTINC1 
0x02F8	0xF000C0A4  	MOVFF       _I2C1_Timeout_Ptr, R0
0x02FC	0xF001C0A5  	MOVFF       _I2C1_Timeout_Ptr+1, R1
0x0300	0xDEB9      	RCALL       _____DoIFC
;__Lib_I2C_c34d01.c,113 :: 		
0x0302	0xD008      	BRA         L_I2C1_Rd17
;__Lib_I2C_c34d01.c,114 :: 		
L_I2C1_Rd19:
;__Lib_I2C_c34d01.c,115 :: 		
0x0304	0x0E01      	MOVLW       1
0x0306	0x0101      	MOVLB       1
0x0308	0x5F0F      	SUBWF       I2C1_Rd_timeout_L0, 1, 1
0x030A	0x0E00      	MOVLW       0
0x030C	0x5B10      	SUBWFB      I2C1_Rd_timeout_L0+1, 1, 1
0x030E	0x5B11      	SUBWFB      I2C1_Rd_timeout_L0+2, 1, 1
0x0310	0x5B12      	SUBWFB      I2C1_Rd_timeout_L0+3, 1, 1
;__Lib_I2C_c34d01.c,116 :: 		
L_I2C1_Rd18:
;__Lib_I2C_c34d01.c,117 :: 		
0x0312	0xD7DF      	BRA         L_I2C1_Rd16
L_I2C1_Rd17:
0x0314	0x0101      	MOVLB       1
;__Lib_I2C_c34d01.c,119 :: 		
0x0316	0xF10ECFC9  	MOVFF       SSP1BUF, I2C1_Rd_tmp_L0
;__Lib_I2C_c34d01.c,120 :: 		
0x031A	0x510D      	MOVF        FARG_I2C1_Rd_ack, 0, 1
0x031C	0x0A00      	XORLW       0
0x031E	0xE102      	BNZ         L_I2C1_Rd20
;__Lib_I2C_c34d01.c,121 :: 		
0x0320	0x8AC5      	BSF         SSP1CON2, 5 
0x0322	0xD001      	BRA         L_I2C1_Rd21
L_I2C1_Rd20:
;__Lib_I2C_c34d01.c,123 :: 		
0x0324	0x9AC5      	BCF         SSP1CON2, 5 
L_I2C1_Rd21:
;__Lib_I2C_c34d01.c,125 :: 		
0x0326	0x969E      	BCF         PIR1, 3 
;__Lib_I2C_c34d01.c,126 :: 		
0x0328	0x88C5      	BSF         SSP1CON2, 4 
;__Lib_I2C_c34d01.c,129 :: 		
0x032A	0xF10FC034  	MOVFF       __Lib_I2C_c34d01__I2C1_TIMEOUT, I2C1_Rd_timeout_L0
0x032E	0xF110C035  	MOVFF       __Lib_I2C_c34d01__I2C1_TIMEOUT+1, I2C1_Rd_timeout_L0+1
0x0332	0xF111C036  	MOVFF       __Lib_I2C_c34d01__I2C1_TIMEOUT+2, I2C1_Rd_timeout_L0+2
0x0336	0xF112C037  	MOVFF       __Lib_I2C_c34d01__I2C1_TIMEOUT+3, I2C1_Rd_timeout_L0+3
;__Lib_I2C_c34d01.c,131 :: 		
L_I2C1_Rd22:
0x033A	0xB69E      	BTFSC       PIR1, 3 
0x033C	0xD01F      	BRA         L_I2C1_Rd23
;__Lib_I2C_c34d01.c,133 :: 		
0x033E	0x5034      	MOVF        __Lib_I2C_c34d01__I2C1_TIMEOUT, 0 
0x0340	0x1035      	IORWF       __Lib_I2C_c34d01__I2C1_TIMEOUT+1, 0 
0x0342	0x1036      	IORWF       __Lib_I2C_c34d01__I2C1_TIMEOUT+2, 0 
0x0344	0x1037      	IORWF       __Lib_I2C_c34d01__I2C1_TIMEOUT+3, 0 
0x0346	0xE019      	BZ          L_I2C1_Rd24
;__Lib_I2C_c34d01.c,135 :: 		
0x0348	0x0101      	MOVLB       1
0x034A	0x510F      	MOVF        I2C1_Rd_timeout_L0, 0, 1
0x034C	0x1110      	IORWF       I2C1_Rd_timeout_L0+1, 0, 1
0x034E	0x1111      	IORWF       I2C1_Rd_timeout_L0+2, 0, 1
0x0350	0x1112      	IORWF       I2C1_Rd_timeout_L0+3, 0, 1
0x0352	0xE10C      	BNZ         L_I2C1_Rd25
;__Lib_I2C_c34d01.c,137 :: 		
0x0354	0xFFE1C0A6  	MOVFF       _I2C1_Timeout_Ptr+2, FSR1
0x0358	0xFFE2C0A7  	MOVFF       _I2C1_Timeout_Ptr+3, FSR1+1
0x035C	0x0E03      	MOVLW       3
0x035E	0x6EE6      	MOVWF       POSTINC1 
0x0360	0xF000C0A4  	MOVFF       _I2C1_Timeout_Ptr, R0
0x0364	0xF001C0A5  	MOVFF       _I2C1_Timeout_Ptr+1, R1
0x0368	0xDE85      	RCALL       _____DoIFC
;__Lib_I2C_c34d01.c,138 :: 		
0x036A	0xD008      	BRA         L_I2C1_Rd23
;__Lib_I2C_c34d01.c,139 :: 		
L_I2C1_Rd25:
;__Lib_I2C_c34d01.c,140 :: 		
0x036C	0x0E01      	MOVLW       1
0x036E	0x0101      	MOVLB       1
0x0370	0x5F0F      	SUBWF       I2C1_Rd_timeout_L0, 1, 1
0x0372	0x0E00      	MOVLW       0
0x0374	0x5B10      	SUBWFB      I2C1_Rd_timeout_L0+1, 1, 1
0x0376	0x5B11      	SUBWFB      I2C1_Rd_timeout_L0+2, 1, 1
0x0378	0x5B12      	SUBWFB      I2C1_Rd_timeout_L0+3, 1, 1
;__Lib_I2C_c34d01.c,141 :: 		
L_I2C1_Rd24:
;__Lib_I2C_c34d01.c,142 :: 		
0x037A	0xD7DF      	BRA         L_I2C1_Rd22
L_I2C1_Rd23:
;__Lib_I2C_c34d01.c,144 :: 		
0x037C	0xF000C10E  	MOVFF       I2C1_Rd_tmp_L0, R0
;__Lib_I2C_c34d01.c,145 :: 		
L_end_I2C1_Rd:
0x0380	0x0012      	RETURN      0
; end of _I2C1_Rd
_cevir:
;RTC.c,138 :: 		int cevir(int dcevir){  // saniye ve dakika icin
;RTC.c,140 :: 		donen = donen >> 4 ;
0x0382	0x0E04      	MOVLW       4
0x0384	0x6E02      	MOVWF       R2 
0x0386	0xF000C107  	MOVFF       FARG_cevir_dcevir, R0
0x038A	0xF001C108  	MOVFF       FARG_cevir_dcevir+1, R1
0x038E	0x5002      	MOVF        R2, 0 
L__cevir14:
0x0390	0xE007      	BZ          L__cevir15
0x0392	0x3201      	RRCF        R1, 1 
0x0394	0x3200      	RRCF        R0, 1 
0x0396	0x9E01      	BCF         R1, 7 
0x0398	0xBC01      	BTFSC       R1, 6 
0x039A	0x8E01      	BSF         R1, 7 
0x039C	0x0FFF      	ADDLW       255
0x039E	0xD7F8      	BRA         L__cevir14
L__cevir15:
;RTC.c,141 :: 		donen *= 10;
0x03A0	0x0E0A      	MOVLW       10
0x03A2	0x6E04      	MOVWF       R4 
0x03A4	0x0E00      	MOVLW       0
0x03A6	0x6E05      	MOVWF       R5 
0x03A8	0xDF60      	RCALL       _Mul_16X16_U
;RTC.c,142 :: 		dcevir = dcevir & 0x0f;
0x03AA	0x0E0F      	MOVLW       15
0x03AC	0x0101      	MOVLB       1
0x03AE	0x1507      	ANDWF       FARG_cevir_dcevir, 0, 1
0x03B0	0x6E02      	MOVWF       R2 
0x03B2	0xF003C108  	MOVFF       FARG_cevir_dcevir+1, R3
0x03B6	0x0E00      	MOVLW       0
0x03B8	0x1603      	ANDWF       R3, 1 
0x03BA	0xF107C002  	MOVFF       R2, FARG_cevir_dcevir
0x03BE	0xF108C003  	MOVFF       R3, FARG_cevir_dcevir+1
;RTC.c,143 :: 		donen += dcevir;
0x03C2	0x5002      	MOVF        R2, 0 
0x03C4	0x2600      	ADDWF       R0, 1 
0x03C6	0x5003      	MOVF        R3, 0 
0x03C8	0x2201      	ADDWFC      R1, 1 
;RTC.c,144 :: 		return donen;
;RTC.c,145 :: 		}
L_end_cevir:
0x03CA	0x0012      	RETURN      0
; end of _cevir
_oku:
;RTC.c,120 :: 		int oku(int dgr){
;RTC.c,122 :: 		I2C1_Start();
0x03CC	0xDF06      	RCALL       _I2C1_Start
;RTC.c,123 :: 		I2C1_Wr(0xd0); // writing
0x03CE	0x0ED0      	MOVLW       208
0x03D0	0x0101      	MOVLB       1
0x03D2	0x6F0D      	MOVWF       FARG_I2C1_Wr_data_, 1
0x03D4	0xDE5B      	RCALL       _I2C1_Wr
;RTC.c,124 :: 		I2C1_Wr(dgr); // pointer address
0x03D6	0xF10DC107  	MOVFF       FARG_oku_dgr, FARG_I2C1_Wr_data_
0x03DA	0xDE58      	RCALL       _I2C1_Wr
;RTC.c,125 :: 		I2C1_Repeated_Start();
0x03DC	0xDEB8      	RCALL       _I2C1_Repeated_Start
;RTC.c,126 :: 		I2C1_Wr(0xd1); // reading
0x03DE	0x0ED1      	MOVLW       209
0x03E0	0x0101      	MOVLB       1
0x03E2	0x6F0D      	MOVWF       FARG_I2C1_Wr_data_, 1
0x03E4	0xDE53      	RCALL       _I2C1_Wr
;RTC.c,127 :: 		aaa = I2C1_Rd(0); //
0x03E6	0x0101      	MOVLB       1
0x03E8	0x6B0D      	CLRF        FARG_I2C1_Rd_ack, 1
0x03EA	0xDF69      	RCALL       _I2C1_Rd
0x03EC	0xF109C000  	MOVFF       R0, oku_aaa_L0
0x03F0	0x0E00      	MOVLW       0
0x03F2	0x0101      	MOVLB       1
0x03F4	0x6F0A      	MOVWF       oku_aaa_L0+1, 1
;RTC.c,128 :: 		I2C1_Stop();
0x03F6	0xDF61      	RCALL       _I2C1_Stop
;RTC.c,129 :: 		return aaa;
0x03F8	0xF000C109  	MOVFF       oku_aaa_L0, R0
0x03FC	0xF001C10A  	MOVFF       oku_aaa_L0+1, R1
;RTC.c,131 :: 		}
L_end_oku:
0x0400	0x0012      	RETURN      0
; end of _oku
_WordToStr:
;__Lib_Conversions.c,98 :: 		
;__Lib_Conversions.c,103 :: 		
0x0402	0x0101      	MOVLB       1
0x0404	0x6B00      	CLRF        WordToStr_len_L0, 1
L_WordToStr11:
0x0406	0x0E05      	MOVLW       5
0x0408	0x5D00      	SUBWF       WordToStr_len_L0, 0, 1
0x040A	0xE20A      	BC          L_WordToStr12
;__Lib_Conversions.c,104 :: 		
0x040C	0x5100      	MOVF        WordToStr_len_L0, 0, 1
0x040E	0x2509      	ADDWF       FARG_WordToStr_output, 0, 1
0x0410	0x6EE1      	MOVWF       FSR1L 
0x0412	0x0E00      	MOVLW       0
0x0414	0x210A      	ADDWFC      FARG_WordToStr_output+1, 0, 1
0x0416	0x6EE2      	MOVWF       FSR1L+1 
0x0418	0x0E20      	MOVLW       32
0x041A	0x6EE6      	MOVWF       POSTINC1 
;__Lib_Conversions.c,103 :: 		
0x041C	0x2B00      	INCF        WordToStr_len_L0, 1, 1
;__Lib_Conversions.c,104 :: 		
0x041E	0xD7F3      	BRA         L_WordToStr11
L_WordToStr12:
;__Lib_Conversions.c,105 :: 		
0x0420	0x5100      	MOVF        WordToStr_len_L0, 0, 1
0x0422	0x2509      	ADDWF       FARG_WordToStr_output, 0, 1
0x0424	0x6EE1      	MOVWF       FSR1L 
0x0426	0x0E00      	MOVLW       0
0x0428	0x210A      	ADDWFC      FARG_WordToStr_output+1, 0, 1
0x042A	0x6EE2      	MOVWF       FSR1L+1 
0x042C	0x6AE6      	CLRF        POSTINC1 
0x042E	0x0700      	DECF        WordToStr_len_L0, 1, 1
;__Lib_Conversions.c,107 :: 		
L_WordToStr14:
;__Lib_Conversions.c,108 :: 		
0x0430	0x5100      	MOVF        WordToStr_len_L0, 0, 1
0x0432	0x2509      	ADDWF       FARG_WordToStr_output, 0, 1
0x0434	0x6F0B      	MOVWF       FLOC__WordToStr, 1
0x0436	0x0E00      	MOVLW       0
0x0438	0x210A      	ADDWFC      FARG_WordToStr_output+1, 0, 1
0x043A	0x6F0C      	MOVWF       FLOC__WordToStr+1, 1
0x043C	0x0E0A      	MOVLW       10
0x043E	0x6E04      	MOVWF       R4 
0x0440	0x0E00      	MOVLW       0
0x0442	0x6E05      	MOVWF       R5 
0x0444	0xF000C107  	MOVFF       FARG_WordToStr_input, R0
0x0448	0xF001C108  	MOVFF       FARG_WordToStr_input+1, R1
0x044C	0xDEAB      	RCALL       _Div_16X16_U
0x044E	0xF000C008  	MOVFF       R8, R0
0x0452	0xF001C009  	MOVFF       R9, R1
0x0456	0x0E30      	MOVLW       48
0x0458	0x2600      	ADDWF       R0, 1 
0x045A	0xFFE1C10B  	MOVFF       FLOC__WordToStr, FSR1L
0x045E	0xFFE2C10C  	MOVFF       FLOC__WordToStr+1, FSR1H
0x0462	0xFFE6C000  	MOVFF       R0, POSTINC1
;__Lib_Conversions.c,109 :: 		
0x0466	0x0E0A      	MOVLW       10
0x0468	0x6E04      	MOVWF       R4 
0x046A	0x0E00      	MOVLW       0
0x046C	0x6E05      	MOVWF       R5 
0x046E	0xF000C107  	MOVFF       FARG_WordToStr_input, R0
0x0472	0xF001C108  	MOVFF       FARG_WordToStr_input+1, R1
0x0476	0xDE96      	RCALL       _Div_16X16_U
0x0478	0xF107C000  	MOVFF       R0, FARG_WordToStr_input
0x047C	0xF108C001  	MOVFF       R1, FARG_WordToStr_input+1
;__Lib_Conversions.c,110 :: 		
0x0480	0x0E00      	MOVLW       0
0x0482	0x1801      	XORWF       R1, 0 
0x0484	0xE102      	BNZ         L__WordToStr379
0x0486	0x0E00      	MOVLW       0
0x0488	0x1800      	XORWF       R0, 0 
L__WordToStr379:
0x048A	0xE101      	BNZ         L_WordToStr16
;__Lib_Conversions.c,111 :: 		
0x048C	0xD002      	BRA         L_WordToStr15
L_WordToStr16:
;__Lib_Conversions.c,112 :: 		
0x048E	0x0700      	DECF        WordToStr_len_L0, 1, 1
;__Lib_Conversions.c,113 :: 		
0x0490	0xD7CF      	BRA         L_WordToStr14
L_WordToStr15:
;__Lib_Conversions.c,114 :: 		
L_end_WordToStr:
0x0492	0x0012      	RETURN      0
; end of _WordToStr
_okuvecevir:
;RTC.c,133 :: 		void okuvecevir(int adrofres, int *atanan){
;RTC.c,134 :: 		*atanan = oku(adrofres);
0x0494	0xF107C0FC  	MOVFF       FARG_okuvecevir_adrofres, FARG_oku_dgr
0x0498	0xF108C0FD  	MOVFF       FARG_okuvecevir_adrofres+1, FARG_oku_dgr+1
0x049C	0xDF97      	RCALL       _oku
0x049E	0xFFE1C0FE  	MOVFF       FARG_okuvecevir_atanan, FSR1L
0x04A2	0xFFE2C0FF  	MOVFF       FARG_okuvecevir_atanan+1, FSR1H
0x04A6	0xFFE6C000  	MOVFF       R0, POSTINC1
0x04AA	0xFFE6C001  	MOVFF       R1, POSTINC1
;RTC.c,135 :: 		*atanan = cevir(*atanan);
0x04AE	0xFFE9C0FE  	MOVFF       FARG_okuvecevir_atanan, FSR0L
0x04B2	0xFFEAC0FF  	MOVFF       FARG_okuvecevir_atanan+1, FSR0H
0x04B6	0xF107CFEE  	MOVFF       POSTINC0, FARG_cevir_dcevir
0x04BA	0xF108CFEE  	MOVFF       POSTINC0, FARG_cevir_dcevir+1
0x04BE	0xDF61      	RCALL       _cevir
0x04C0	0xFFE1C0FE  	MOVFF       FARG_okuvecevir_atanan, FSR1L
0x04C4	0xFFE2C0FF  	MOVFF       FARG_okuvecevir_atanan+1, FSR1H
0x04C8	0xFFE6C000  	MOVFF       R0, POSTINC1
0x04CC	0xFFE6C001  	MOVFF       R1, POSTINC1
;RTC.c,136 :: 		}
L_end_okuvecevir:
0x04D0	0x0012      	RETURN      0
; end of _okuvecevir
_UART1_Write_Text:
;__Lib_UART_c67d67.c,71 :: 		
;__Lib_UART_c67d67.c,72 :: 		
0x04D2	0x0100      	MOVLB       0
0x04D4	0x6BFF      	CLRF        UART1_Write_Text_counter_L0, 1
;__Lib_UART_c67d67.c,74 :: 		
0x04D6	0xFFE9C0FC  	MOVFF       FARG_UART1_Write_Text_uart_text, FSR0L
0x04DA	0xFFEAC0FD  	MOVFF       FARG_UART1_Write_Text_uart_text+1, FSR0H
0x04DE	0xF0FECFEE  	MOVFF       POSTINC0, UART1_Write_Text_data__L0
;__Lib_UART_c67d67.c,75 :: 		
L_UART1_Write_Text5:
0x04E2	0x51FE      	MOVF        UART1_Write_Text_data__L0, 0, 1
0x04E4	0x0A00      	XORLW       0
0x04E6	0xE00E      	BZ          L_UART1_Write_Text6
;__Lib_UART_c67d67.c,76 :: 		
0x04E8	0xF113C0FE  	MOVFF       UART1_Write_Text_data__L0, FARG_UART1_Write_data_
0x04EC	0xDD97      	RCALL       _UART1_Write
;__Lib_UART_c67d67.c,77 :: 		
0x04EE	0x0100      	MOVLB       0
0x04F0	0x2BFF      	INCF        UART1_Write_Text_counter_L0, 1, 1
;__Lib_UART_c67d67.c,78 :: 		
0x04F2	0x51FF      	MOVF        UART1_Write_Text_counter_L0, 0, 1
0x04F4	0x25FC      	ADDWF       FARG_UART1_Write_Text_uart_text, 0, 1
0x04F6	0x6EE9      	MOVWF       FSR0L 
0x04F8	0x0E00      	MOVLW       0
0x04FA	0x21FD      	ADDWFC      FARG_UART1_Write_Text_uart_text+1, 0, 1
0x04FC	0x6EEA      	MOVWF       FSR0L+1 
0x04FE	0xF0FECFEE  	MOVFF       POSTINC0, UART1_Write_Text_data__L0
;__Lib_UART_c67d67.c,79 :: 		
0x0502	0xD7EF      	BRA         L_UART1_Write_Text5
L_UART1_Write_Text6:
;__Lib_UART_c67d67.c,80 :: 		
L_end_UART1_Write_Text:
0x0504	0x0012      	RETURN      0
; end of _UART1_Write_Text
_IntToStr:
;__Lib_Conversions.c,195 :: 		
;__Lib_Conversions.c,201 :: 		
0x0506	0x0101      	MOVLB       1
0x0508	0x6B03      	CLRF        IntToStr_negative_L0, 1
0x050A	0x6B04      	CLRF        IntToStr_negative_L0+1, 1
;__Lib_Conversions.c,202 :: 		
0x050C	0xF105C0FC  	MOVFF       FARG_IntToStr_input, IntToStr_inword_L0
0x0510	0xF106C0FD  	MOVFF       FARG_IntToStr_input+1, IntToStr_inword_L0+1
;__Lib_Conversions.c,203 :: 		
0x0514	0x0E80      	MOVLW       128
0x0516	0x0100      	MOVLB       0
0x0518	0x19FD      	XORWF       FARG_IntToStr_input+1, 0, 1
0x051A	0x6E00      	MOVWF       R0 
0x051C	0x0E80      	MOVLW       128
0x051E	0x5C00      	SUBWF       R0, 0 
0x0520	0xE102      	BNZ         L__IntToStr387
0x0522	0x0E00      	MOVLW       0
0x0524	0x5DFC      	SUBWF       FARG_IntToStr_input, 0, 1
L__IntToStr387:
0x0526	0xE20E      	BC          L_IntToStr37
;__Lib_Conversions.c,204 :: 		
0x0528	0x0E01      	MOVLW       1
0x052A	0x0101      	MOVLB       1
0x052C	0x6F03      	MOVWF       IntToStr_negative_L0, 1
0x052E	0x0E00      	MOVLW       0
0x0530	0x6F04      	MOVWF       IntToStr_negative_L0+1, 1
;__Lib_Conversions.c,205 :: 		
0x0532	0x0100      	MOVLB       0
0x0534	0x51FC      	MOVF        FARG_IntToStr_input, 0, 1
0x0536	0x0800      	SUBLW       0
0x0538	0x0101      	MOVLB       1
0x053A	0x6F05      	MOVWF       IntToStr_inword_L0, 1
0x053C	0xF106C0FD  	MOVFF       FARG_IntToStr_input+1, IntToStr_inword_L0+1
0x0540	0x0E00      	MOVLW       0
0x0542	0x5706      	SUBFWB      IntToStr_inword_L0+1, 1, 1
;__Lib_Conversions.c,206 :: 		
L_IntToStr37:
;__Lib_Conversions.c,207 :: 		
0x0544	0xF107C105  	MOVFF       IntToStr_inword_L0, FARG_WordToStr_input
0x0548	0xF108C106  	MOVFF       IntToStr_inword_L0+1, FARG_WordToStr_input+1
0x054C	0xF109C0FE  	MOVFF       FARG_IntToStr_output, FARG_WordToStr_output
0x0550	0xF10AC0FF  	MOVFF       FARG_IntToStr_output+1, FARG_WordToStr_output+1
0x0554	0xDF56      	RCALL       _WordToStr
;__Lib_Conversions.c,209 :: 		
0x0556	0x0E06      	MOVLW       6
0x0558	0x6F01      	MOVWF       IntToStr_i_L0, 1
0x055A	0x0E00      	MOVLW       0
0x055C	0x6F02      	MOVWF       IntToStr_i_L0+1, 1
;__Lib_Conversions.c,210 :: 		
L_IntToStr38:
0x055E	0x0E00      	MOVLW       0
0x0560	0x6E00      	MOVWF       R0 
0x0562	0x5102      	MOVF        IntToStr_i_L0+1, 0, 1
0x0564	0x5C00      	SUBWF       R0, 0 
0x0566	0xE102      	BNZ         L__IntToStr388
0x0568	0x5101      	MOVF        IntToStr_i_L0, 0, 1
0x056A	0x0800      	SUBLW       0
L__IntToStr388:
0x056C	0xE21F      	BC          L_IntToStr39
;__Lib_Conversions.c,211 :: 		
0x056E	0x5101      	MOVF        IntToStr_i_L0, 0, 1
0x0570	0x0100      	MOVLB       0
0x0572	0x25FE      	ADDWF       FARG_IntToStr_output, 0, 1
0x0574	0x6EE1      	MOVWF       FSR1L 
0x0576	0x0101      	MOVLB       1
0x0578	0x5102      	MOVF        IntToStr_i_L0+1, 0, 1
0x057A	0x0100      	MOVLB       0
0x057C	0x21FF      	ADDWFC      FARG_IntToStr_output+1, 0, 1
0x057E	0x6EE2      	MOVWF       FSR1L+1 
0x0580	0x0E01      	MOVLW       1
0x0582	0x0101      	MOVLB       1
0x0584	0x5D01      	SUBWF       IntToStr_i_L0, 0, 1
0x0586	0x6E00      	MOVWF       R0 
0x0588	0x0E00      	MOVLW       0
0x058A	0x5902      	SUBWFB      IntToStr_i_L0+1, 0, 1
0x058C	0x6E01      	MOVWF       R1 
0x058E	0x5000      	MOVF        R0, 0 
0x0590	0x0100      	MOVLB       0
0x0592	0x25FE      	ADDWF       FARG_IntToStr_output, 0, 1
0x0594	0x6EE9      	MOVWF       FSR0L 
0x0596	0x5001      	MOVF        R1, 0 
0x0598	0x21FF      	ADDWFC      FARG_IntToStr_output+1, 0, 1
0x059A	0x6EEA      	MOVWF       FSR0L+1 
0x059C	0xFFE6CFEE  	MOVFF       POSTINC0, POSTINC1
;__Lib_Conversions.c,212 :: 		
0x05A0	0x0E01      	MOVLW       1
0x05A2	0x0101      	MOVLB       1
0x05A4	0x5F01      	SUBWF       IntToStr_i_L0, 1, 1
0x05A6	0x0E00      	MOVLW       0
0x05A8	0x5B02      	SUBWFB      IntToStr_i_L0+1, 1, 1
;__Lib_Conversions.c,213 :: 		
0x05AA	0xD7D9      	BRA         L_IntToStr38
L_IntToStr39:
;__Lib_Conversions.c,214 :: 		
0x05AC	0xFFE1C0FE  	MOVFF       FARG_IntToStr_output, FSR1L
0x05B0	0xFFE2C0FF  	MOVFF       FARG_IntToStr_output+1, FSR1H
0x05B4	0x0E20      	MOVLW       32
0x05B6	0x6EE6      	MOVWF       POSTINC1 
;__Lib_Conversions.c,215 :: 		
0x05B8	0x5103      	MOVF        IntToStr_negative_L0, 0, 1
0x05BA	0x1104      	IORWF       IntToStr_negative_L0+1, 0, 1
0x05BC	0xE022      	BZ          L_IntToStr40
;__Lib_Conversions.c,216 :: 		
0x05BE	0x6B01      	CLRF        IntToStr_i_L0, 1
0x05C0	0x6B02      	CLRF        IntToStr_i_L0+1, 1
;__Lib_Conversions.c,217 :: 		
L_IntToStr41:
0x05C2	0x5101      	MOVF        IntToStr_i_L0, 0, 1
0x05C4	0x0100      	MOVLB       0
0x05C6	0x25FE      	ADDWF       FARG_IntToStr_output, 0, 1
0x05C8	0x6EE9      	MOVWF       FSR0L 
0x05CA	0x0101      	MOVLB       1
0x05CC	0x5102      	MOVF        IntToStr_i_L0+1, 0, 1
0x05CE	0x0100      	MOVLB       0
0x05D0	0x21FF      	ADDWFC      FARG_IntToStr_output+1, 0, 1
0x05D2	0x6EEA      	MOVWF       FSR0L+1 
0x05D4	0x50EE      	MOVF        POSTINC0, 0 
0x05D6	0x0A20      	XORLW       32
0x05D8	0xE104      	BNZ         L_IntToStr42
0x05DA	0x0101      	MOVLB       1
0x05DC	0x4B01      	INFSNZ      IntToStr_i_L0, 1, 1
0x05DE	0x2B02      	INCF        IntToStr_i_L0+1, 1, 1
0x05E0	0xD7F0      	BRA         L_IntToStr41
L_IntToStr42:
0x05E2	0x0101      	MOVLB       1
;__Lib_Conversions.c,218 :: 		
0x05E4	0x0E01      	MOVLW       1
0x05E6	0x5F01      	SUBWF       IntToStr_i_L0, 1, 1
0x05E8	0x0E00      	MOVLW       0
0x05EA	0x5B02      	SUBWFB      IntToStr_i_L0+1, 1, 1
;__Lib_Conversions.c,219 :: 		
0x05EC	0x5101      	MOVF        IntToStr_i_L0, 0, 1
0x05EE	0x0100      	MOVLB       0
0x05F0	0x25FE      	ADDWF       FARG_IntToStr_output, 0, 1
0x05F2	0x6EE1      	MOVWF       FSR1L 
0x05F4	0x0101      	MOVLB       1
0x05F6	0x5102      	MOVF        IntToStr_i_L0+1, 0, 1
0x05F8	0x0100      	MOVLB       0
0x05FA	0x21FF      	ADDWFC      FARG_IntToStr_output+1, 0, 1
0x05FC	0x6EE2      	MOVWF       FSR1L+1 
0x05FE	0x0E2D      	MOVLW       45
0x0600	0x6EE6      	MOVWF       POSTINC1 
L_IntToStr40:
;__Lib_Conversions.c,220 :: 		
L_end_IntToStr:
0x0602	0x0012      	RETURN      0
; end of _IntToStr
_ilkdegeryaz:
;RTC.c,147 :: 		void ilkdegeryaz(int pointeradr, int istenilen){
;RTC.c,148 :: 		I2C1_Start();
0x0604	0xDDEA      	RCALL       _I2C1_Start
;RTC.c,149 :: 		I2C1_Wr(0xd0); // writing
0x0606	0x0ED0      	MOVLW       208
0x0608	0x0101      	MOVLB       1
0x060A	0x6F0D      	MOVWF       FARG_I2C1_Wr_data_, 1
0x060C	0xDD3F      	RCALL       _I2C1_Wr
;RTC.c,150 :: 		I2C1_Wr(pointeradr); // pointer address
0x060E	0xF10DC0FC  	MOVFF       FARG_ilkdegeryaz_pointeradr, FARG_I2C1_Wr_data_
0x0612	0xDD3C      	RCALL       _I2C1_Wr
;RTC.c,151 :: 		I2C1_Wr(istenilen); // writing
0x0614	0xF10DC0FE  	MOVFF       FARG_ilkdegeryaz_istenilen, FARG_I2C1_Wr_data_
0x0618	0xDD39      	RCALL       _I2C1_Wr
;RTC.c,152 :: 		I2C1_Stop();
0x061A	0xDE4F      	RCALL       _I2C1_Stop
;RTC.c,153 :: 		}
L_end_ilkdegeryaz:
0x061C	0x0012      	RETURN      0
; end of _ilkdegeryaz
_gercektarih:
;RTC.c,109 :: 		void gercektarih(){
;RTC.c,111 :: 		ilkdegeryaz(yil,0x22); // yil degeri 2022
0x061E	0x0E06      	MOVLW       6
0x0620	0x0100      	MOVLB       0
0x0622	0x6FFC      	MOVWF       FARG_ilkdegeryaz_pointeradr, 1
0x0624	0x0E00      	MOVLW       0
0x0626	0x6FFD      	MOVWF       FARG_ilkdegeryaz_pointeradr+1, 1
0x0628	0x0E22      	MOVLW       34
0x062A	0x6FFE      	MOVWF       FARG_ilkdegeryaz_istenilen, 1
0x062C	0x0E00      	MOVLW       0
0x062E	0x6FFF      	MOVWF       FARG_ilkdegeryaz_istenilen+1, 1
0x0630	0xDFE9      	RCALL       _ilkdegeryaz
;RTC.c,112 :: 		ilkdegeryaz(saniye,0x10); // saniye degeri
0x0632	0x0100      	MOVLB       0
0x0634	0x6BFC      	CLRF        FARG_ilkdegeryaz_pointeradr, 1
0x0636	0x6BFD      	CLRF        FARG_ilkdegeryaz_pointeradr+1, 1
0x0638	0x0E10      	MOVLW       16
0x063A	0x6FFE      	MOVWF       FARG_ilkdegeryaz_istenilen, 1
0x063C	0x0E00      	MOVLW       0
0x063E	0x6FFF      	MOVWF       FARG_ilkdegeryaz_istenilen+1, 1
0x0640	0xDFE1      	RCALL       _ilkdegeryaz
;RTC.c,113 :: 		ilkdegeryaz(dakika,0x54); // dakika degeri
0x0642	0x0E01      	MOVLW       1
0x0644	0x0100      	MOVLB       0
0x0646	0x6FFC      	MOVWF       FARG_ilkdegeryaz_pointeradr, 1
0x0648	0x0E00      	MOVLW       0
0x064A	0x6FFD      	MOVWF       FARG_ilkdegeryaz_pointeradr+1, 1
0x064C	0x0E54      	MOVLW       84
0x064E	0x6FFE      	MOVWF       FARG_ilkdegeryaz_istenilen, 1
0x0650	0x0E00      	MOVLW       0
0x0652	0x6FFF      	MOVWF       FARG_ilkdegeryaz_istenilen+1, 1
0x0654	0xDFD7      	RCALL       _ilkdegeryaz
;RTC.c,114 :: 		ilkdegeryaz(saat,0x11); // saat degeri
0x0656	0x0E02      	MOVLW       2
0x0658	0x0100      	MOVLB       0
0x065A	0x6FFC      	MOVWF       FARG_ilkdegeryaz_pointeradr, 1
0x065C	0x0E00      	MOVLW       0
0x065E	0x6FFD      	MOVWF       FARG_ilkdegeryaz_pointeradr+1, 1
0x0660	0x0E11      	MOVLW       17
0x0662	0x6FFE      	MOVWF       FARG_ilkdegeryaz_istenilen, 1
0x0664	0x0E00      	MOVLW       0
0x0666	0x6FFF      	MOVWF       FARG_ilkdegeryaz_istenilen+1, 1
0x0668	0xDFCD      	RCALL       _ilkdegeryaz
;RTC.c,115 :: 		ilkdegeryaz(gun,0x04); // gun degeri 5 = cuma
0x066A	0x0E03      	MOVLW       3
0x066C	0x0100      	MOVLB       0
0x066E	0x6FFC      	MOVWF       FARG_ilkdegeryaz_pointeradr, 1
0x0670	0x0E00      	MOVLW       0
0x0672	0x6FFD      	MOVWF       FARG_ilkdegeryaz_pointeradr+1, 1
0x0674	0x0E04      	MOVLW       4
0x0676	0x6FFE      	MOVWF       FARG_ilkdegeryaz_istenilen, 1
0x0678	0x0E00      	MOVLW       0
0x067A	0x6FFF      	MOVWF       FARG_ilkdegeryaz_istenilen+1, 1
0x067C	0xDFC3      	RCALL       _ilkdegeryaz
;RTC.c,116 :: 		ilkdegeryaz(tarih,0x05); // tarih degeri  29
0x067E	0x0E04      	MOVLW       4
0x0680	0x0100      	MOVLB       0
0x0682	0x6FFC      	MOVWF       FARG_ilkdegeryaz_pointeradr, 1
0x0684	0x0E00      	MOVLW       0
0x0686	0x6FFD      	MOVWF       FARG_ilkdegeryaz_pointeradr+1, 1
0x0688	0x0E05      	MOVLW       5
0x068A	0x6FFE      	MOVWF       FARG_ilkdegeryaz_istenilen, 1
0x068C	0x0E00      	MOVLW       0
0x068E	0x6FFF      	MOVWF       FARG_ilkdegeryaz_istenilen+1, 1
0x0690	0xDFB9      	RCALL       _ilkdegeryaz
;RTC.c,117 :: 		ilkdegeryaz(ayy,0x05); // ay degeri  nisan
0x0692	0x0E05      	MOVLW       5
0x0694	0x0100      	MOVLB       0
0x0696	0x6FFC      	MOVWF       FARG_ilkdegeryaz_pointeradr, 1
0x0698	0x0E00      	MOVLW       0
0x069A	0x6FFD      	MOVWF       FARG_ilkdegeryaz_pointeradr+1, 1
0x069C	0x0E05      	MOVLW       5
0x069E	0x6FFE      	MOVWF       FARG_ilkdegeryaz_istenilen, 1
0x06A0	0x0E00      	MOVLW       0
0x06A2	0x6FFF      	MOVWF       FARG_ilkdegeryaz_istenilen+1, 1
0x06A4	0xDFAF      	RCALL       _ilkdegeryaz
;RTC.c,118 :: 		}
L_end_gercektarih:
0x06A6	0x0012      	RETURN      0
; end of _gercektarih
_I2C1_Init:
;__Lib_I2C_c34d01.c,197 :: 		
;__Lib_I2C_c34d01.c,199 :: 		
0x06A8	0x0E5A      	MOVLW       _I2C1_Is_Idle
0x06AA	0x0100      	MOVLB       0
0x06AC	0x6FB0      	MOVWF       _I2C_Is_Idle_Ptr, 1
0x06AE	0x0E00      	MOVLW       hi_addr(_I2C1_Is_Idle)
0x06B0	0x6FB1      	MOVWF       _I2C_Is_Idle_Ptr+1, 1
0x06B2	0x0E00      	MOVLW       0
0x06B4	0x6FB2      	MOVWF       _I2C_Is_Idle_Ptr+2, 1
0x06B6	0x0E00      	MOVLW       0
0x06B8	0x6FB3      	MOVWF       _I2C_Is_Idle_Ptr+3, 1
;__Lib_I2C_c34d01.c,200 :: 		
0x06BA	0x0EDA      	MOVLW       _I2C1_Start
0x06BC	0x6FAC      	MOVWF       _I2C_Start_Ptr, 1
0x06BE	0x0E01      	MOVLW       hi_addr(_I2C1_Start)
0x06C0	0x6FAD      	MOVWF       _I2C_Start_Ptr+1, 1
0x06C2	0x0E00      	MOVLW       0
0x06C4	0x6FAE      	MOVWF       _I2C_Start_Ptr+2, 1
0x06C6	0x0E00      	MOVLW       0
0x06C8	0x6FAF      	MOVWF       _I2C_Start_Ptr+3, 1
;__Lib_I2C_c34d01.c,201 :: 		
0x06CA	0x0E4E      	MOVLW       _I2C1_Repeated_Start
0x06CC	0x6FA8      	MOVWF       _I2C_Restart_Ptr, 1
0x06CE	0x0E01      	MOVLW       hi_addr(_I2C1_Repeated_Start)
0x06D0	0x6FA9      	MOVWF       _I2C_Restart_Ptr+1, 1
0x06D2	0x0E00      	MOVLW       0
0x06D4	0x6FAA      	MOVWF       _I2C_Restart_Ptr+2, 1
0x06D6	0x0E00      	MOVLW       0
0x06D8	0x6FAB      	MOVWF       _I2C_Restart_Ptr+3, 1
;__Lib_I2C_c34d01.c,202 :: 		
0x06DA	0x0EBE      	MOVLW       _I2C1_Rd
0x06DC	0x6FA0      	MOVWF       _I2C_Read_Ptr, 1
0x06DE	0x0E02      	MOVLW       hi_addr(_I2C1_Rd)
0x06E0	0x6FA1      	MOVWF       _I2C_Read_Ptr+1, 1
0x06E2	0x0E0D      	MOVLW       FARG_I2C1_Rd_ack
0x06E4	0x6FA2      	MOVWF       _I2C_Read_Ptr+2, 1
0x06E6	0x0E01      	MOVLW       hi_addr(FARG_I2C1_Rd_ack)
0x06E8	0x6FA3      	MOVWF       _I2C_Read_Ptr+3, 1
;__Lib_I2C_c34d01.c,203 :: 		
0x06EA	0x0E8C      	MOVLW       _I2C1_Wr
0x06EC	0x6F90      	MOVWF       _I2C_Write_Ptr, 1
0x06EE	0x0E00      	MOVLW       hi_addr(_I2C1_Wr)
0x06F0	0x6F91      	MOVWF       _I2C_Write_Ptr+1, 1
0x06F2	0x0E0D      	MOVLW       FARG_I2C1_Wr_data_
0x06F4	0x6F92      	MOVWF       _I2C_Write_Ptr+2, 1
0x06F6	0x0E01      	MOVLW       hi_addr(FARG_I2C1_Wr_data_)
0x06F8	0x6F93      	MOVWF       _I2C_Write_Ptr+3, 1
;__Lib_I2C_c34d01.c,204 :: 		
0x06FA	0x0EBA      	MOVLW       _I2C1_Stop
0x06FC	0x6F8C      	MOVWF       _I2C_Stop_Ptr, 1
0x06FE	0x0E02      	MOVLW       hi_addr(_I2C1_Stop)
0x0700	0x6F8D      	MOVWF       _I2C_Stop_Ptr+1, 1
0x0702	0x0E00      	MOVLW       0
0x0704	0x6F8E      	MOVWF       _I2C_Stop_Ptr+2, 1
0x0706	0x0E00      	MOVLW       0
0x0708	0x6F8F      	MOVWF       _I2C_Stop_Ptr+3, 1
;__Lib_I2C_c34d01.c,211 :: 		
0x070A	0x9894      	BCF         TRISC4_bit, BitPos(TRISC4_bit+0) 
;__Lib_I2C_c34d01.c,212 :: 		
0x070C	0x9694      	BCF         TRISC3_bit, BitPos(TRISC3_bit+0) 
;__Lib_I2C_c34d01.c,215 :: 		
0x070E	0x988B      	BCF         LATC4_bit, BitPos(LATC4_bit+0) 
;__Lib_I2C_c34d01.c,216 :: 		
0x0710	0x968B      	BCF         LATC3_bit, BitPos(LATC3_bit+0) 
;__Lib_I2C_c34d01.c,219 :: 		
0x0712	0x8894      	BSF         TRISC4_bit, BitPos(TRISC4_bit+0) 
;__Lib_I2C_c34d01.c,220 :: 		
0x0714	0x8694      	BSF         TRISC3_bit, BitPos(TRISC3_bit+0) 
;__Lib_I2C_c34d01.c,222 :: 		
0x0716	0x9EC7      	BCF         SSP1STAT, 7 
;__Lib_I2C_c34d01.c,223 :: 		
0x0718	0x9CC7      	BCF         SSP1STAT, 6 
;__Lib_I2C_c34d01.c,224 :: 		
0x071A	0x0E38      	MOVLW       56
0x071C	0x6EC6      	MOVWF       SSP1CON1 
;__Lib_I2C_c34d01.c,227 :: 		
L_end_I2C1_Init:
0x071E	0x0012      	RETURN      0
; end of _I2C1_Init
___CC2DW:
;__Lib_System.c,21 :: 		
;__Lib_System.c,23 :: 		
_CC2DL_Loop1:
;__Lib_System.c,24 :: 		
0x0720	0x0009      	TBLRD*+
;__Lib_System.c,25 :: 		
0x0722	0xFFE6CFF5  	MOVFF       TABLAT, POSTINC1
;__Lib_System.c,26 :: 		
0x0726	0x0600      	DECF        R0, 1, 0
;__Lib_System.c,27 :: 		
0x0728	0xE1FB      	BNZ         _CC2DL_Loop1
;__Lib_System.c,28 :: 		
0x072A	0x0601      	DECF        R1, 1, 0
;__Lib_System.c,29 :: 		
0x072C	0xE1F9      	BNZ         _CC2DL_Loop1
;__Lib_System.c,31 :: 		
L_end___CC2DW:
0x072E	0x0012      	RETURN      0
; end of ___CC2DW
_UART1_Init:
;__Lib_UART_c67d67.c,20 :: 		
;__Lib_UART_c67d67.c,23 :: 		
0x0730	0x0E1C      	MOVLW       _UART1_Write
0x0732	0x0100      	MOVLB       0
0x0734	0x6F88      	MOVWF       _UART_Wr_Ptr, 1
0x0736	0x0E00      	MOVLW       hi_addr(_UART1_Write)
0x0738	0x6F89      	MOVWF       _UART_Wr_Ptr+1, 1
0x073A	0x0E13      	MOVLW       FARG_UART1_Write_data_
0x073C	0x6F8A      	MOVWF       _UART_Wr_Ptr+2, 1
0x073E	0x0E01      	MOVLW       hi_addr(FARG_UART1_Write_data_)
0x0740	0x6F8B      	MOVWF       _UART_Wr_Ptr+3, 1
;__Lib_UART_c67d67.c,24 :: 		
0x0742	0x0EFF      	MOVLW       _UART1_Read
0x0744	0x6F9C      	MOVWF       _UART_Rd_Ptr, 1
0x0746	0x0EFF      	MOVLW       hi_addr(_UART1_Read)
0x0748	0x6F9D      	MOVWF       _UART_Rd_Ptr+1, 1
0x074A	0x0E00      	MOVLW       0
0x074C	0x6F9E      	MOVWF       _UART_Rd_Ptr+2, 1
0x074E	0x0E00      	MOVLW       0
0x0750	0x6F9F      	MOVWF       _UART_Rd_Ptr+3, 1
;__Lib_UART_c67d67.c,25 :: 		
0x0752	0x0EFF      	MOVLW       _UART1_Data_Ready
0x0754	0x6F98      	MOVWF       _UART_Rdy_Ptr, 1
0x0756	0x0EFF      	MOVLW       hi_addr(_UART1_Data_Ready)
0x0758	0x6F99      	MOVWF       _UART_Rdy_Ptr+1, 1
0x075A	0x0E00      	MOVLW       0
0x075C	0x6F9A      	MOVWF       _UART_Rdy_Ptr+2, 1
0x075E	0x0E00      	MOVLW       0
0x0760	0x6F9B      	MOVWF       _UART_Rdy_Ptr+3, 1
;__Lib_UART_c67d67.c,26 :: 		
0x0762	0x0EFF      	MOVLW       _UART1_Tx_Idle
0x0764	0x6F94      	MOVWF       _UART_Tx_Idle_Ptr, 1
0x0766	0x0EFF      	MOVLW       hi_addr(_UART1_Tx_Idle)
0x0768	0x6F95      	MOVWF       _UART_Tx_Idle_Ptr+1, 1
0x076A	0x0E00      	MOVLW       0
0x076C	0x6F96      	MOVWF       _UART_Tx_Idle_Ptr+2, 1
0x076E	0x0E00      	MOVLW       0
0x0770	0x6F97      	MOVWF       _UART_Tx_Idle_Ptr+3, 1
;__Lib_UART_c67d67.c,28 :: 		
0x0772	0x8AAC      	BSF         TXSTA, 5 
;__Lib_UART_c67d67.c,29 :: 		
0x0774	0x0E90      	MOVLW       144
0x0776	0x6EAB      	MOVWF       RCSTA 
;__Lib_UART_c67d67.c,30 :: 		
0x0778	0x8E94      	BSF         TRISC7_bit, BitPos(TRISC7_bit+0) 
;__Lib_UART_c67d67.c,31 :: 		
0x077A	0x9C94      	BCF         TRISC6_bit, BitPos(TRISC6_bit+0) 
;__Lib_UART_c67d67.c,33 :: 		
L_UART1_Init0:
0x077C	0xAA9E      	BTFSS       PIR1, 5 
0x077E	0xD003      	BRA         L_UART1_Init1
;__Lib_UART_c67d67.c,34 :: 		
0x0780	0xF000CFAE  	MOVFF       RCREG, R0
0x0784	0xD7FB      	BRA         L_UART1_Init0
L_UART1_Init1:
;__Lib_UART_c67d67.c,35 :: 		
L_end_UART1_Init:
0x0786	0x0012      	RETURN      0
; end of _UART1_Init
_temp:
;RTC.c,43 :: 		void temp(){
;RTC.c,45 :: 		tp.dd = oku(temp1);
0x0788	0x0E11      	MOVLW       17
0x078A	0x0101      	MOVLB       1
0x078C	0x6F07      	MOVWF       FARG_oku_dgr, 1
0x078E	0x0E00      	MOVLW       0
0x0790	0x6F08      	MOVWF       FARG_oku_dgr+1, 1
0x0792	0xDE1C      	RCALL       _oku
0x0794	0xF086C000  	MOVFF       R0, _tp+15
0x0798	0xF087C001  	MOVFF       R1, _tp+16
;RTC.c,46 :: 		IntToStr(tp.dd,tp.buffer);
0x079C	0xF0FCC000  	MOVFF       R0, FARG_IntToStr_input
0x07A0	0xF0FDC001  	MOVFF       R1, FARG_IntToStr_input+1
0x07A4	0x0E77      	MOVLW       _tp
0x07A6	0x0100      	MOVLB       0
0x07A8	0x6FFE      	MOVWF       FARG_IntToStr_output, 1
0x07AA	0x0E00      	MOVLW       hi_addr(_tp)
0x07AC	0x6FFF      	MOVWF       FARG_IntToStr_output+1, 1
0x07AE	0xDEAB      	RCALL       _IntToStr
;RTC.c,47 :: 		UART1_Write_Text(tp.buffer);
0x07B0	0x0E77      	MOVLW       _tp
0x07B2	0x0100      	MOVLB       0
0x07B4	0x6FFC      	MOVWF       FARG_UART1_Write_Text_uart_text, 1
0x07B6	0x0E00      	MOVLW       hi_addr(_tp)
0x07B8	0x6FFD      	MOVWF       FARG_UART1_Write_Text_uart_text+1, 1
0x07BA	0xDE8B      	RCALL       _UART1_Write_Text
;RTC.c,48 :: 		UART1_Write_Text("\r\n");
0x07BC	0x0E27      	MOVLW       ?lstr1_RTC
0x07BE	0x6FFC      	MOVWF       FARG_UART1_Write_Text_uart_text, 1
0x07C0	0x0E00      	MOVLW       hi_addr(?lstr1_RTC)
0x07C2	0x6FFD      	MOVWF       FARG_UART1_Write_Text_uart_text+1, 1
0x07C4	0xDE86      	RCALL       _UART1_Write_Text
;RTC.c,49 :: 		Delay_ms(1000);
0x07C6	0x0E15      	MOVLW       21
0x07C8	0x6E0B      	MOVWF       R11, 0
0x07CA	0x0E4B      	MOVLW       75
0x07CC	0x6E0C      	MOVWF       R12, 0
0x07CE	0x0EBE      	MOVLW       190
0x07D0	0x6E0D      	MOVWF       R13, 0
L_temp0:
0x07D2	0x2E0D      	DECFSZ      R13, 1, 0
0x07D4	0xD7FE      	BRA         L_temp0
0x07D6	0x2E0C      	DECFSZ      R12, 1, 0
0x07D8	0xD7FC      	BRA         L_temp0
0x07DA	0x2E0B      	DECFSZ      R11, 1, 0
0x07DC	0xD7FA      	BRA         L_temp0
0x07DE	0x0000      	NOP
;RTC.c,51 :: 		}
L_end_temp:
0x07E0	0x0012      	RETURN      0
; end of _temp
_sonhal:
;RTC.c,80 :: 		void sonhal(){
;RTC.c,83 :: 		okuvecevir(saniye, &sny.dd);
0x07E2	0x0100      	MOVLB       0
0x07E4	0x6BFC      	CLRF        FARG_okuvecevir_adrofres, 1
0x07E6	0x6BFD      	CLRF        FARG_okuvecevir_adrofres+1, 1
0x07E8	0x0ED4      	MOVLW       _sny+15
0x07EA	0x6FFE      	MOVWF       FARG_okuvecevir_atanan, 1
0x07EC	0x0E00      	MOVLW       hi_addr(_sny+15)
0x07EE	0x6FFF      	MOVWF       FARG_okuvecevir_atanan+1, 1
0x07F0	0xDE51      	RCALL       _okuvecevir
;RTC.c,84 :: 		okuvecevir(dakika, &dk.dd);
0x07F2	0x0E01      	MOVLW       1
0x07F4	0x0100      	MOVLB       0
0x07F6	0x6FFC      	MOVWF       FARG_okuvecevir_adrofres, 1
0x07F8	0x0E00      	MOVLW       0
0x07FA	0x6FFD      	MOVWF       FARG_okuvecevir_adrofres+1, 1
0x07FC	0x0EC3      	MOVLW       _dk+15
0x07FE	0x6FFE      	MOVWF       FARG_okuvecevir_atanan, 1
0x0800	0x0E00      	MOVLW       hi_addr(_dk+15)
0x0802	0x6FFF      	MOVWF       FARG_okuvecevir_atanan+1, 1
0x0804	0xDE47      	RCALL       _okuvecevir
;RTC.c,85 :: 		okuvecevir(saat, &st.dd);
0x0806	0x0E02      	MOVLW       2
0x0808	0x0100      	MOVLB       0
0x080A	0x6FFC      	MOVWF       FARG_okuvecevir_adrofres, 1
0x080C	0x0E00      	MOVLW       0
0x080E	0x6FFD      	MOVWF       FARG_okuvecevir_adrofres+1, 1
0x0810	0x0EF6      	MOVLW       _st+15
0x0812	0x6FFE      	MOVWF       FARG_okuvecevir_atanan, 1
0x0814	0x0E00      	MOVLW       hi_addr(_st+15)
0x0816	0x6FFF      	MOVWF       FARG_okuvecevir_atanan+1, 1
0x0818	0xDE3D      	RCALL       _okuvecevir
;RTC.c,86 :: 		okuvecevir(gun, &gn.dd);
0x081A	0x0E03      	MOVLW       3
0x081C	0x0100      	MOVLB       0
0x081E	0x6FFC      	MOVWF       FARG_okuvecevir_adrofres, 1
0x0820	0x0E00      	MOVLW       0
0x0822	0x6FFD      	MOVWF       FARG_okuvecevir_adrofres+1, 1
0x0824	0x0EE5      	MOVLW       _gn+15
0x0826	0x6FFE      	MOVWF       FARG_okuvecevir_atanan, 1
0x0828	0x0E00      	MOVLW       hi_addr(_gn+15)
0x082A	0x6FFF      	MOVWF       FARG_okuvecevir_atanan+1, 1
0x082C	0xDE33      	RCALL       _okuvecevir
;RTC.c,87 :: 		okuvecevir(tarih, &date.dd);
0x082E	0x0E04      	MOVLW       4
0x0830	0x0100      	MOVLB       0
0x0832	0x6FFC      	MOVWF       FARG_okuvecevir_adrofres, 1
0x0834	0x0E00      	MOVLW       0
0x0836	0x6FFD      	MOVWF       FARG_okuvecevir_adrofres+1, 1
0x0838	0x0E75      	MOVLW       _date+15
0x083A	0x6FFE      	MOVWF       FARG_okuvecevir_atanan, 1
0x083C	0x0E00      	MOVLW       hi_addr(_date+15)
0x083E	0x6FFF      	MOVWF       FARG_okuvecevir_atanan+1, 1
0x0840	0xDE29      	RCALL       _okuvecevir
;RTC.c,88 :: 		okuvecevir(ayy, &ay.dd);
0x0842	0x0E05      	MOVLW       5
0x0844	0x0100      	MOVLB       0
0x0846	0x6FFC      	MOVWF       FARG_okuvecevir_adrofres, 1
0x0848	0x0E00      	MOVLW       0
0x084A	0x6FFD      	MOVWF       FARG_okuvecevir_adrofres+1, 1
0x084C	0x0E64      	MOVLW       _ay+15
0x084E	0x6FFE      	MOVWF       FARG_okuvecevir_atanan, 1
0x0850	0x0E00      	MOVLW       hi_addr(_ay+15)
0x0852	0x6FFF      	MOVWF       FARG_okuvecevir_atanan+1, 1
0x0854	0xDE1F      	RCALL       _okuvecevir
;RTC.c,89 :: 		okuvecevir(yil, &yl.dd);
0x0856	0x0E06      	MOVLW       6
0x0858	0x0100      	MOVLB       0
0x085A	0x6FFC      	MOVWF       FARG_okuvecevir_adrofres, 1
0x085C	0x0E00      	MOVLW       0
0x085E	0x6FFD      	MOVWF       FARG_okuvecevir_adrofres+1, 1
0x0860	0x0E53      	MOVLW       _yl+15
0x0862	0x6FFE      	MOVWF       FARG_okuvecevir_atanan, 1
0x0864	0x0E00      	MOVLW       hi_addr(_yl+15)
0x0866	0x6FFF      	MOVWF       FARG_okuvecevir_atanan+1, 1
0x0868	0xDE15      	RCALL       _okuvecevir
;RTC.c,91 :: 		IntToStr(sny.dd,sny.buffer);
0x086A	0xF0FCC0D4  	MOVFF       _sny+15, FARG_IntToStr_input
0x086E	0xF0FDC0D5  	MOVFF       _sny+16, FARG_IntToStr_input+1
0x0872	0x0EC5      	MOVLW       _sny
0x0874	0x0100      	MOVLB       0
0x0876	0x6FFE      	MOVWF       FARG_IntToStr_output, 1
0x0878	0x0E00      	MOVLW       hi_addr(_sny)
0x087A	0x6FFF      	MOVWF       FARG_IntToStr_output+1, 1
0x087C	0xDE44      	RCALL       _IntToStr
;RTC.c,92 :: 		IntToStr(dk.dd,dk.buffer);
0x087E	0xF0FCC0C3  	MOVFF       _dk+15, FARG_IntToStr_input
0x0882	0xF0FDC0C4  	MOVFF       _dk+16, FARG_IntToStr_input+1
0x0886	0x0EB4      	MOVLW       _dk
0x0888	0x0100      	MOVLB       0
0x088A	0x6FFE      	MOVWF       FARG_IntToStr_output, 1
0x088C	0x0E00      	MOVLW       hi_addr(_dk)
0x088E	0x6FFF      	MOVWF       FARG_IntToStr_output+1, 1
0x0890	0xDE3A      	RCALL       _IntToStr
;RTC.c,93 :: 		IntToStr(st.dd,st.buffer);
0x0892	0xF0FCC0F6  	MOVFF       _st+15, FARG_IntToStr_input
0x0896	0xF0FDC0F7  	MOVFF       _st+16, FARG_IntToStr_input+1
0x089A	0x0EE7      	MOVLW       _st
0x089C	0x0100      	MOVLB       0
0x089E	0x6FFE      	MOVWF       FARG_IntToStr_output, 1
0x08A0	0x0E00      	MOVLW       hi_addr(_st)
0x08A2	0x6FFF      	MOVWF       FARG_IntToStr_output+1, 1
0x08A4	0xDE30      	RCALL       _IntToStr
;RTC.c,94 :: 		IntToStr(gn.dd,gn.buffer);
0x08A6	0xF0FCC0E5  	MOVFF       _gn+15, FARG_IntToStr_input
0x08AA	0xF0FDC0E6  	MOVFF       _gn+16, FARG_IntToStr_input+1
0x08AE	0x0ED6      	MOVLW       _gn
0x08B0	0x0100      	MOVLB       0
0x08B2	0x6FFE      	MOVWF       FARG_IntToStr_output, 1
0x08B4	0x0E00      	MOVLW       hi_addr(_gn)
0x08B6	0x6FFF      	MOVWF       FARG_IntToStr_output+1, 1
0x08B8	0xDE26      	RCALL       _IntToStr
;RTC.c,95 :: 		IntToStr(date.dd,date.buffer);
0x08BA	0xF0FCC075  	MOVFF       _date+15, FARG_IntToStr_input
0x08BE	0xF0FDC076  	MOVFF       _date+16, FARG_IntToStr_input+1
0x08C2	0x0E66      	MOVLW       _date
0x08C4	0x0100      	MOVLB       0
0x08C6	0x6FFE      	MOVWF       FARG_IntToStr_output, 1
0x08C8	0x0E00      	MOVLW       hi_addr(_date)
0x08CA	0x6FFF      	MOVWF       FARG_IntToStr_output+1, 1
0x08CC	0xDE1C      	RCALL       _IntToStr
;RTC.c,96 :: 		IntToStr(ay.dd,ay.buffer);
0x08CE	0xF0FCC064  	MOVFF       _ay+15, FARG_IntToStr_input
0x08D2	0xF0FDC065  	MOVFF       _ay+16, FARG_IntToStr_input+1
0x08D6	0x0E55      	MOVLW       _ay
0x08D8	0x0100      	MOVLB       0
0x08DA	0x6FFE      	MOVWF       FARG_IntToStr_output, 1
0x08DC	0x0E00      	MOVLW       hi_addr(_ay)
0x08DE	0x6FFF      	MOVWF       FARG_IntToStr_output+1, 1
0x08E0	0xDE12      	RCALL       _IntToStr
;RTC.c,97 :: 		IntToStr(yl.dd,yl.buffer);
0x08E2	0xF0FCC053  	MOVFF       _yl+15, FARG_IntToStr_input
0x08E6	0xF0FDC054  	MOVFF       _yl+16, FARG_IntToStr_input+1
0x08EA	0x0E44      	MOVLW       _yl
0x08EC	0x0100      	MOVLB       0
0x08EE	0x6FFE      	MOVWF       FARG_IntToStr_output, 1
0x08F0	0x0E00      	MOVLW       hi_addr(_yl)
0x08F2	0x6FFF      	MOVWF       FARG_IntToStr_output+1, 1
0x08F4	0xDE08      	RCALL       _IntToStr
;RTC.c,99 :: 		UART1_Write_Text(yl.buffer);
0x08F6	0x0E44      	MOVLW       _yl
0x08F8	0x0100      	MOVLB       0
0x08FA	0x6FFC      	MOVWF       FARG_UART1_Write_Text_uart_text, 1
0x08FC	0x0E00      	MOVLW       hi_addr(_yl)
0x08FE	0x6FFD      	MOVWF       FARG_UART1_Write_Text_uart_text+1, 1
0x0900	0xDDE8      	RCALL       _UART1_Write_Text
;RTC.c,100 :: 		UART1_Write_Text(ay.buffer);
0x0902	0x0E55      	MOVLW       _ay
0x0904	0x6FFC      	MOVWF       FARG_UART1_Write_Text_uart_text, 1
0x0906	0x0E00      	MOVLW       hi_addr(_ay)
0x0908	0x6FFD      	MOVWF       FARG_UART1_Write_Text_uart_text+1, 1
0x090A	0xDDE3      	RCALL       _UART1_Write_Text
;RTC.c,101 :: 		UART1_Write_Text(date.buffer);
0x090C	0x0E66      	MOVLW       _date
0x090E	0x6FFC      	MOVWF       FARG_UART1_Write_Text_uart_text, 1
0x0910	0x0E00      	MOVLW       hi_addr(_date)
0x0912	0x6FFD      	MOVWF       FARG_UART1_Write_Text_uart_text+1, 1
0x0914	0xDDDE      	RCALL       _UART1_Write_Text
;RTC.c,102 :: 		UART1_Write_Text(gn.buffer);
0x0916	0x0ED6      	MOVLW       _gn
0x0918	0x6FFC      	MOVWF       FARG_UART1_Write_Text_uart_text, 1
0x091A	0x0E00      	MOVLW       hi_addr(_gn)
0x091C	0x6FFD      	MOVWF       FARG_UART1_Write_Text_uart_text+1, 1
0x091E	0xDDD9      	RCALL       _UART1_Write_Text
;RTC.c,103 :: 		UART1_Write_Text(st.buffer);
0x0920	0x0EE7      	MOVLW       _st
0x0922	0x6FFC      	MOVWF       FARG_UART1_Write_Text_uart_text, 1
0x0924	0x0E00      	MOVLW       hi_addr(_st)
0x0926	0x6FFD      	MOVWF       FARG_UART1_Write_Text_uart_text+1, 1
0x0928	0xDDD4      	RCALL       _UART1_Write_Text
;RTC.c,104 :: 		UART1_Write_Text(dk.buffer);
0x092A	0x0EB4      	MOVLW       _dk
0x092C	0x6FFC      	MOVWF       FARG_UART1_Write_Text_uart_text, 1
0x092E	0x0E00      	MOVLW       hi_addr(_dk)
0x0930	0x6FFD      	MOVWF       FARG_UART1_Write_Text_uart_text+1, 1
0x0932	0xDDCF      	RCALL       _UART1_Write_Text
;RTC.c,105 :: 		UART1_Write_Text(sny.buffer);
0x0934	0x0EC5      	MOVLW       _sny
0x0936	0x6FFC      	MOVWF       FARG_UART1_Write_Text_uart_text, 1
0x0938	0x0E00      	MOVLW       hi_addr(_sny)
0x093A	0x6FFD      	MOVWF       FARG_UART1_Write_Text_uart_text+1, 1
0x093C	0xDDCA      	RCALL       _UART1_Write_Text
;RTC.c,107 :: 		}
L_end_sonhal:
0x093E	0x0012      	RETURN      0
; end of _sonhal
_alarmset:
;RTC.c,33 :: 		void alarmset(){
;RTC.c,34 :: 		bb = 0x00;
0x0940	0x6A2A      	CLRF        _bb 
0x0942	0x6A2B      	CLRF        _bb+1 
;RTC.c,35 :: 		bb = oku(control);
0x0944	0x0E0E      	MOVLW       14
0x0946	0x0101      	MOVLB       1
0x0948	0x6F07      	MOVWF       FARG_oku_dgr, 1
0x094A	0x0E00      	MOVLW       0
0x094C	0x6F08      	MOVWF       FARG_oku_dgr+1, 1
0x094E	0xDD3E      	RCALL       _oku
0x0950	0xF02AC000  	MOVFF       R0, _bb
0x0954	0xF02BC001  	MOVFF       R1, _bb+1
;RTC.c,36 :: 		bb = bb | 0x05;
0x0958	0x0E05      	MOVLW       5
0x095A	0x1200      	IORWF       R0, 1 
0x095C	0x0E00      	MOVLW       0
0x095E	0x1201      	IORWF       R1, 1 
0x0960	0xF02AC000  	MOVFF       R0, _bb
0x0964	0xF02BC001  	MOVFF       R1, _bb+1
;RTC.c,37 :: 		ilkdegeryaz(control, bb); // INTCN = 1 AND A1IE = 1
0x0968	0x0E0E      	MOVLW       14
0x096A	0x0100      	MOVLB       0
0x096C	0x6FFC      	MOVWF       FARG_ilkdegeryaz_pointeradr, 1
0x096E	0x0E00      	MOVLW       0
0x0970	0x6FFD      	MOVWF       FARG_ilkdegeryaz_pointeradr+1, 1
0x0972	0xF0FEC000  	MOVFF       R0, FARG_ilkdegeryaz_istenilen
0x0976	0xF0FFC001  	MOVFF       R1, FARG_ilkdegeryaz_istenilen+1
0x097A	0xDE44      	RCALL       _ilkdegeryaz
;RTC.c,38 :: 		ilkdegeryaz(alarmsec, 0x00); //second
0x097C	0x0E07      	MOVLW       7
0x097E	0x0100      	MOVLB       0
0x0980	0x6FFC      	MOVWF       FARG_ilkdegeryaz_pointeradr, 1
0x0982	0x0E00      	MOVLW       0
0x0984	0x6FFD      	MOVWF       FARG_ilkdegeryaz_pointeradr+1, 1
0x0986	0x6BFE      	CLRF        FARG_ilkdegeryaz_istenilen, 1
0x0988	0x6BFF      	CLRF        FARG_ilkdegeryaz_istenilen+1, 1
0x098A	0xDE3C      	RCALL       _ilkdegeryaz
;RTC.c,39 :: 		ilkdegeryaz(alarmmin, 0xa3); // minut
0x098C	0x0E08      	MOVLW       8
0x098E	0x0100      	MOVLB       0
0x0990	0x6FFC      	MOVWF       FARG_ilkdegeryaz_pointeradr, 1
0x0992	0x0E00      	MOVLW       0
0x0994	0x6FFD      	MOVWF       FARG_ilkdegeryaz_pointeradr+1, 1
0x0996	0x0EA3      	MOVLW       163
0x0998	0x6FFE      	MOVWF       FARG_ilkdegeryaz_istenilen, 1
0x099A	0x0E00      	MOVLW       0
0x099C	0x6FFF      	MOVWF       FARG_ilkdegeryaz_istenilen+1, 1
0x099E	0xDE32      	RCALL       _ilkdegeryaz
;RTC.c,40 :: 		ilkdegeryaz(alarmhour, 0xa3); // hour
0x09A0	0x0E09      	MOVLW       9
0x09A2	0x0100      	MOVLB       0
0x09A4	0x6FFC      	MOVWF       FARG_ilkdegeryaz_pointeradr, 1
0x09A6	0x0E00      	MOVLW       0
0x09A8	0x6FFD      	MOVWF       FARG_ilkdegeryaz_pointeradr+1, 1
0x09AA	0x0EA3      	MOVLW       163
0x09AC	0x6FFE      	MOVWF       FARG_ilkdegeryaz_istenilen, 1
0x09AE	0x0E00      	MOVLW       0
0x09B0	0x6FFF      	MOVWF       FARG_ilkdegeryaz_istenilen+1, 1
0x09B2	0xDE28      	RCALL       _ilkdegeryaz
;RTC.c,41 :: 		ilkdegeryaz(alarmda, 0xc7);   // day/date
0x09B4	0x0E0A      	MOVLW       10
0x09B6	0x0100      	MOVLB       0
0x09B8	0x6FFC      	MOVWF       FARG_ilkdegeryaz_pointeradr, 1
0x09BA	0x0E00      	MOVLW       0
0x09BC	0x6FFD      	MOVWF       FARG_ilkdegeryaz_pointeradr+1, 1
0x09BE	0x0EC7      	MOVLW       199
0x09C0	0x6FFE      	MOVWF       FARG_ilkdegeryaz_istenilen, 1
0x09C2	0x0E00      	MOVLW       0
0x09C4	0x6FFF      	MOVWF       FARG_ilkdegeryaz_istenilen+1, 1
0x09C6	0xDE1E      	RCALL       _ilkdegeryaz
;RTC.c,42 :: 		}
L_end_alarmset:
0x09C8	0x0012      	RETURN      0
; end of _alarmset
_main:
0x09CA	0xF005EC54  	CALL        2728, 0
;RTC.c,53 :: 		void main() {
;RTC.c,55 :: 		OSCCON = 0x72;// for 16Mhz
0x09CE	0x0E72      	MOVLW       114
0x09D0	0x6ED3      	MOVWF       OSCCON 
;RTC.c,56 :: 		ANSELC = 0;
0x09D2	0x010F      	MOVLB       15
0x09D4	0x6B3A      	CLRF        ANSELC, 1
;RTC.c,57 :: 		ANSELB = 0;
0x09D6	0x6B39      	CLRF        ANSELB, 1
;RTC.c,58 :: 		TRISB = 0;
0x09D8	0x6A93      	CLRF        TRISB 
;RTC.c,59 :: 		LATB = 0X00;
0x09DA	0x6A8A      	CLRF        LATB 
;RTC.c,60 :: 		I2C1_Init(100000);// I2C is running at 100khz
0x09DC	0x0E28      	MOVLW       40
0x09DE	0x6EC8      	MOVWF       SSP1ADD 
0x09E0	0xDE63      	RCALL       _I2C1_Init
;RTC.c,61 :: 		UART1_Init(115200);
0x09E2	0x86B8      	BSF         BAUDCON, 3, 0
0x09E4	0x6AB0      	CLRF        SPBRGH 
0x09E6	0x0E22      	MOVLW       34
0x09E8	0x6EAF      	MOVWF       SPBRG 
0x09EA	0x84AC      	BSF         TXSTA, 2, 0
0x09EC	0xDEA1      	RCALL       _UART1_Init
;RTC.c,62 :: 		Delay_ms(100);
0x09EE	0x0E03      	MOVLW       3
0x09F0	0x6E0B      	MOVWF       R11, 0
0x09F2	0x0E08      	MOVLW       8
0x09F4	0x6E0C      	MOVWF       R12, 0
0x09F6	0x0E77      	MOVLW       119
0x09F8	0x6E0D      	MOVWF       R13, 0
L_main1:
0x09FA	0x2E0D      	DECFSZ      R13, 1, 0
0x09FC	0xD7FE      	BRA         L_main1
0x09FE	0x2E0C      	DECFSZ      R12, 1, 0
0x0A00	0xD7FC      	BRA         L_main1
0x0A02	0x2E0B      	DECFSZ      R11, 1, 0
0x0A04	0xD7FA      	BRA         L_main1
;RTC.c,63 :: 		gercektarih();
0x0A06	0xDE0B      	RCALL       _gercektarih
;RTC.c,64 :: 		alarmset();
0x0A08	0xDF9B      	RCALL       _alarmset
;RTC.c,65 :: 		while(1){
L_main2:
;RTC.c,66 :: 		sonhal();
0x0A0A	0xDEEB      	RCALL       _sonhal
;RTC.c,67 :: 		temp();
0x0A0C	0xDEBD      	RCALL       _temp
;RTC.c,68 :: 		flag = oku(status);
0x0A0E	0x0E0F      	MOVLW       15
0x0A10	0x0101      	MOVLB       1
0x0A12	0x6F07      	MOVWF       FARG_oku_dgr, 1
0x0A14	0x0E00      	MOVLW       0
0x0A16	0x6F08      	MOVWF       FARG_oku_dgr+1, 1
0x0A18	0xDCD9      	RCALL       _oku
0x0A1A	0xF025C000  	MOVFF       R0, _flag
0x0A1E	0xF026C001  	MOVFF       R1, _flag+1
;RTC.c,69 :: 		if((flag & 0x01) == 0x01){
0x0A22	0x0E01      	MOVLW       1
0x0A24	0x1400      	ANDWF       R0, 0 
0x0A26	0x6E02      	MOVWF       R2 
0x0A28	0xF003C001  	MOVFF       R1, R3
0x0A2C	0x0E00      	MOVLW       0
0x0A2E	0x1603      	ANDWF       R3, 1 
0x0A30	0x0E00      	MOVLW       0
0x0A32	0x1803      	XORWF       R3, 0 
0x0A34	0xE102      	BNZ         L__main8
0x0A36	0x0E01      	MOVLW       1
0x0A38	0x1802      	XORWF       R2, 0 
L__main8:
0x0A3A	0xE11E      	BNZ         L_main4
;RTC.c,70 :: 		LATB = ~ LATB;
0x0A3C	0x1E8A      	COMF        LATB, 1 
;RTC.c,71 :: 		bb = 0x00;
0x0A3E	0x6A2A      	CLRF        _bb 
0x0A40	0x6A2B      	CLRF        _bb+1 
;RTC.c,72 :: 		bb = oku(status);
0x0A42	0x0E0F      	MOVLW       15
0x0A44	0x6F07      	MOVWF       FARG_oku_dgr, 1
0x0A46	0x0E00      	MOVLW       0
0x0A48	0x6F08      	MOVWF       FARG_oku_dgr+1, 1
0x0A4A	0xDCC0      	RCALL       _oku
0x0A4C	0xF02AC000  	MOVFF       R0, _bb
0x0A50	0xF02BC001  	MOVFF       R1, _bb+1
;RTC.c,73 :: 		bb = bb & 0xfe;
0x0A54	0x0EFE      	MOVLW       254
0x0A56	0x1600      	ANDWF       R0, 1 
0x0A58	0x0E00      	MOVLW       0
0x0A5A	0x1601      	ANDWF       R1, 1 
0x0A5C	0xF02AC000  	MOVFF       R0, _bb
0x0A60	0xF02BC001  	MOVFF       R1, _bb+1
;RTC.c,74 :: 		ilkdegeryaz(status, bb);
0x0A64	0x0E0F      	MOVLW       15
0x0A66	0x0100      	MOVLB       0
0x0A68	0x6FFC      	MOVWF       FARG_ilkdegeryaz_pointeradr, 1
0x0A6A	0x0E00      	MOVLW       0
0x0A6C	0x6FFD      	MOVWF       FARG_ilkdegeryaz_pointeradr+1, 1
0x0A6E	0xF0FEC000  	MOVFF       R0, FARG_ilkdegeryaz_istenilen
0x0A72	0xF0FFC001  	MOVFF       R1, FARG_ilkdegeryaz_istenilen+1
0x0A76	0xDDC6      	RCALL       _ilkdegeryaz
;RTC.c,75 :: 		}
L_main4:
;RTC.c,76 :: 		}
0x0A78	0xD7C8      	BRA         L_main2
;RTC.c,78 :: 		}
L_end_main:
0x0A7A	0xD7FF      	BRA         $+0
; end of _main
0x0AA8	0xF015EE10  	LFSR        1, 21
0x0AAC	0x0E2B      	MOVLW       43
0x0AAE	0x6E00      	MOVWF       R0 
0x0AB0	0x0E01      	MOVLW       1
0x0AB2	0x6E01      	MOVWF       R1 
0x0AB4	0x0E7C      	MOVLW       124
0x0AB6	0x6EF6      	MOVWF       TBLPTR 
0x0AB8	0x0E0A      	MOVLW       10
0x0ABA	0x6EF7      	MOVWF       TBLPTRH 
0x0ABC	0x0E00      	MOVLW       0
0x0ABE	0x6EF8      	MOVWF       TBLPTRU 
0x0AC0	0xF003EC90  	CALL        1824, 0
0x0AC4	0x0012      	RETURN      0
;__Lib_FT5XX6.c,0 :: ?ICS__Lib_FT5XX6_OrientPrototype1
0x0A7C	0x0043 ;?ICS__Lib_FT5XX6_OrientPrototype1+0
0x0A7E	0x0042 ;?ICS__Lib_FT5XX6_OrientPrototype1+2
0x0A80	0x0041 ;?ICS__Lib_FT5XX6_OrientPrototype1+4
0x0A82	0x0040 ;?ICS__Lib_FT5XX6_OrientPrototype1+6
; end of ?ICS__Lib_FT5XX6_OrientPrototype1
;__Lib_FT5XX6.c,0 :: ?ICS__Lib_FT5XX6_OrientPrototype0
0x0A84	0x0042 ;?ICS__Lib_FT5XX6_OrientPrototype0+0
0x0A86	0x0041 ;?ICS__Lib_FT5XX6_OrientPrototype0+2
0x0A88	0x0040 ;?ICS__Lib_FT5XX6_OrientPrototype0+4
0x0A8A	0x0043 ;?ICS__Lib_FT5XX6_OrientPrototype0+6
; end of ?ICS__Lib_FT5XX6_OrientPrototype0
;RTC.c,0 :: ?ICS_flag
0x0A8C	0x0000 ;?ICS_flag+0
; end of ?ICS_flag
;RTC.c,0 :: ?ICS?lstr1_RTC
0x0A8E	0x0A0D ;?ICS?lstr1_RTC+0
0x0A90	0x00 ;?ICS?lstr1_RTC+2
; end of ?ICS?lstr1_RTC
;RTC.c,0 :: ?ICS_bb
0x0A91	0x0000 ;?ICS_bb+0
; end of ?ICS_bb
;__Lib_FT5XX6.c,0 :: ?ICS__Lib_FT5XX6_OrientPrototype2
0x0A93	0x0040 ;?ICS__Lib_FT5XX6_OrientPrototype2+0
0x0A95	0x0043 ;?ICS__Lib_FT5XX6_OrientPrototype2+2
0x0A97	0x0042 ;?ICS__Lib_FT5XX6_OrientPrototype2+4
0x0A99	0x0041 ;?ICS__Lib_FT5XX6_OrientPrototype2+6
; end of ?ICS__Lib_FT5XX6_OrientPrototype2
;__Lib_I2C_c34d01.c,0 :: ?ICS__Lib_I2C_c34d01__I2C1_TIMEOUT
0x0A9B	0x0000 ;?ICS__Lib_I2C_c34d01__I2C1_TIMEOUT+0
0x0A9D	0x0000 ;?ICS__Lib_I2C_c34d01__I2C1_TIMEOUT+2
; end of ?ICS__Lib_I2C_c34d01__I2C1_TIMEOUT
;__Lib_FT5XX6.c,0 :: ?ICS__Lib_FT5XX6_OrientPrototype3
0x0A9F	0x0041 ;?ICS__Lib_FT5XX6_OrientPrototype3+0
0x0AA1	0x0040 ;?ICS__Lib_FT5XX6_OrientPrototype3+2
0x0AA3	0x0043 ;?ICS__Lib_FT5XX6_OrientPrototype3+4
0x0AA5	0x0042 ;?ICS__Lib_FT5XX6_OrientPrototype3+6
; end of ?ICS__Lib_FT5XX6_OrientPrototype3
Symbol List:
//** Routines locations **
//ADDRESS    SIZE    PROCEDURE
//----------------------------------------------
0x001C      [14]    _UART1_Write
0x002A      [12]    _UART2_Write
0x0036      [18]    _SPI1_Write
0x0048      [18]    _SPI2_Write
0x005A      [26]    _I2C1_Is_Idle
0x0074      [24]    _____DoIFC
0x008C     [194]    _I2C1_Wr
0x014E      [86]    _I2C1_Repeated_Start
0x01A4      [54]    _Div_16X16_U
0x01DA     [144]    _I2C1_Start
0x026A      [80]    _Mul_16X16_U
0x02BA       [4]    _I2C1_Stop
0x02BE     [196]    _I2C1_Rd
0x0382      [74]    _cevir
0x03CC      [54]    _oku
0x0402     [146]    _WordToStr
0x0494      [62]    _okuvecevir
0x04D2      [52]    _UART1_Write_Text
0x0506     [254]    _IntToStr
0x0604      [26]    _ilkdegeryaz
0x061E     [138]    _gercektarih
0x06A8     [120]    _I2C1_Init
0x0720      [16]    ___CC2DW
0x0730      [88]    _UART1_Init
0x0788      [90]    _temp
0x07E2     [350]    _sonhal
0x0940     [138]    _alarmset
0x09CA     [178]    _main
//** Variables locations ** 
//ADDRESS    SIZE    VARIABLE
//----------------------------------------------
0x0000       [1]    UART1_Init_tmp_L0
0x0000       [1]    UART2_Init_tmp_L0
0x0000       [1]    SPI1_Write_tmp_L0
0x0000       [1]    R0
0x0000       [1]    __Lib_SoftI2C_PutZerosToLATSda_temp_sda_L0
0x0000       [1]    SPI2_Write_tmp_L0
0x0000       [1]    __Lib_SoftI2C_PutZerosToLATScl_temp_scl_L0
0x0000       [1]    EEPROM_Write_SaveINTCON_L0
0x0000       [1]    FLASH_Erase_64_SaveINTCON_L0
0x0001       [1]    UART1_Read___tmp_UART1_Read_L0
0x0001       [2]    FLASH_Read_N_Bytes_i_L0
0x0001       [1]    __Lib_Conversions_Adjust_Hex_tmp_L0
0x0001       [1]    FLASH_Erase_Write_64_i_L0
0x0001       [1]    FLASH_Write_64_i_L0
0x0001       [1]    __Lib_PS2_Wait_Falling_nsample_L0
0x0001       [1]    R1
0x0001       [1]    UART2_Read___tmp_UART2_Read_L0
0x0001       [1]    ispunct_rslt_L0
0x0002       [2]    strlen_cp_L0
0x0002       [1]    R2
0x0002       [2]    memcpy_dd_L0
0x0002       [2]    FT5XX6_GetGestureIndex_i_L0
0x0002       [1]    FLASH_Erase_Write_64_j_L0
0x0002       [2]    memchr_s_L0
0x0002       [2]    memset_pp_L0
0x0002       [1]    FLASH_Write_64_SaveINTCON_L0
0x0003       [2]    memmove_tt_L0
0x0003       [2]    __Lib_MmcFat16_f16_toInt_l_L0
0x0003       [1]    R3
0x0003       [1]    MM_Init_i_L0
0x0003       [2]    Ltrim_original_L0
0x0003       [1]    __Lib_Sprinti_?FLOC____Lib_Sprinti_Do_FillT29
0x0003       [2]    MM_TotalFreeMemSize_Tot_L0
0x0003       [1]    FLASH_Erase_Write_64_SaveINTCON_L0
0x0004       [2]    strncpy_cp_L0
0x0004       [2]    strncat_cp_L0
0x0004       [1]    __Lib_Sprinti_?FLOC____Lib_Sprinti_Do_FillT40
0x0004       [2]    memcpy_ss_L0
0x0004       [2]    strcpy_cp_L0
0x0004       [2]    frexp_pom_L0
0x0004       [2]    __Lib_MemManager_MM_GetMemAlign_P_L0
0x0004       [2]    strcat_cp_L0
0x0004       [1]    R4
0x0005       [1]    R5
0x0005       [1]    __Lib_Sprinti_?FLOC____Lib_Sprinti_Do_FillT54
0x0005       [2]    memmove_ff_L0
0x0005       [1]    MM_TotalFreeMemSize_i_L0
0x0005       [2]    LongWordToHex_input_half_L0
0x0005       [2]    Ltrim_p_L0
0x0005       [2]    LongIntToHex_input_half_L0
0x0006       [1]    R6
0x0006       [1]    __Lib_MemManager_MM_GetMemAlign_i_L0
0x0006       [1]    __Lib_Sprinti_?FLOC____Lib_Sprinti_Do_FillT69
0x0007       [1]    R7
0x0008       [1]    R8
0x0009       [1]    R9
0x0009       [4]    __Lib_MmcFat16_f16_toLong_l_L0
0x000A       [1]    R10
0x000B       [1]    R11
0x000C       [1]    R12
0x000D       [1]    R13
0x000E       [1]    R14
0x000F       [1]    R15
0x0010       [1]    R16
0x0011       [1]    R17
0x0012       [1]    R18
0x0013       [1]    R19
0x0014       [1]    R20
0x0015       [8]    __Lib_FT5XX6_OrientPrototype1
0x001D       [8]    __Lib_FT5XX6_OrientPrototype0
0x0025       [2]    _flag
0x0027       [3]    ?lstr1_RTC
0x002A       [2]    _bb
0x002C       [8]    __Lib_FT5XX6_OrientPrototype2
0x0034       [4]    __Lib_I2C_c34d01__I2C1_TIMEOUT
0x0038       [8]    __Lib_FT5XX6_OrientPrototype3
0x0040       [1]    _ft5xx6_gest_move_down
0x0041       [1]    _ft5xx6_gest_move_right
0x0042       [1]    _ft5xx6_gest_move_up
0x0043       [1]    _ft5xx6_gest_move_left
0x0044      [17]    _yl
0x0055      [17]    _ay
0x0066      [17]    _date
0x0077      [17]    _tp
0x0088       [4]    _UART_Wr_Ptr
0x008C       [4]    _I2C_Stop_Ptr
0x0090       [4]    _I2C_Write_Ptr
0x0094       [4]    _UART_Tx_Idle_Ptr
0x0098       [4]    _UART_Rdy_Ptr
0x009C       [4]    _UART_Rd_Ptr
0x00A0       [4]    _I2C_Read_Ptr
0x00A4       [4]    _I2C1_Timeout_Ptr
0x00A8       [4]    _I2C_Restart_Ptr
0x00AC       [4]    _I2C_Start_Ptr
0x00B0       [4]    _I2C_Is_Idle_Ptr
0x00B4      [17]    _dk
0x00C5      [17]    _sny
0x00D6      [17]    _gn
0x00E7      [17]    _st
0x00F8       [4]    FARG_I2C1_Init_clock
0x00FC       [2]    FARG_okuvecevir_adrofres
0x00FC       [2]    FARG_ilkdegeryaz_pointeradr
0x00FC       [2]    FARG_IntToStr_input
0x00FC       [2]    FARG_UART1_Write_Text_uart_text
0x00FE       [2]    FARG_IntToStr_output
0x00FE       [2]    FARG_okuvecevir_atanan
0x00FE       [1]    UART1_Write_Text_data__L0
0x00FE       [2]    FARG_ilkdegeryaz_istenilen
0x00FF       [1]    UART1_Write_Text_counter_L0
0x0100       [1]    WordToStr_len_L0
0x0101       [2]    IntToStr_i_L0
0x0103       [2]    IntToStr_negative_L0
0x0105       [2]    IntToStr_inword_L0
0x0107       [2]    FARG_WordToStr_input
0x0107       [2]    FARG_oku_dgr
0x0107       [2]    FARG_cevir_dcevir
0x0109       [2]    FARG_WordToStr_output
0x0109       [2]    oku_aaa_L0
0x010B       [2]    FLOC__WordToStr
0x010D       [2]    I2C1_Start_j_L0
0x010D       [4]    I2C1_Repeated_Start_timeout_L0
0x010D       [1]    FARG_I2C1_Rd_ack
0x010D       [1]    FARG_I2C1_Wr_data_
0x010E       [4]    I2C1_Wr_timeout_L0
0x010E       [1]    I2C1_Rd_tmp_L0
0x010F       [4]    I2C1_Start_timeout_L0
0x010F       [4]    I2C1_Rd_timeout_L0
0x0113       [1]    FARG_SPI2_Write_data_
0x0113       [1]    FARG_UART2_Write_data_
0x0113       [1]    FARG_SPI1_Write_data_
0x0113       [1]    FARG_UART1_Write_data_
0x0F39       [1]    ANSELB
0x0F3A       [1]    ANSELC
0x0F6D       [1]    SSP2STAT
0x0F6F       [1]    SSP2BUF
0x0F72       [1]    TXSTA2
0x0F73       [1]    TXREG2
0x0F8A       [1]    LATB
0x0F8B       [0]    LATC4_bit
0x0F8B       [0]    LATC3_bit
0x0F93       [1]    TRISB
0x0F94       [0]    TRISC3_bit
0x0F94       [0]    TRISC4_bit
0x0F94       [0]    TRISC7_bit
0x0F94       [0]    TRISC6_bit
0x0F9E       [1]    PIR1
0x0FAB       [1]    RCSTA
0x0FAC       [1]    TXSTA
0x0FAD       [1]    TXREG
0x0FAE       [1]    RCREG
0x0FAF       [1]    SPBRG
0x0FB0       [1]    SPBRGH
0x0FB8       [1]    BAUDCON
0x0FC5       [1]    SSP1CON2
0x0FC6       [1]    SSP1CON1
0x0FC7       [1]    SSPSTAT
0x0FC7       [1]    SSP1STAT
0x0FC8       [1]    SSP1ADD
0x0FC9       [1]    SSP1BUF
0x0FD3       [1]    OSCCON
0x0FD8       [1]    STATUS
0x0FD9       [1]    FSR2L
0x0FDA       [1]    FSR2H
0x0FDE       [1]    POSTINC2
0x0FE0       [1]    BSR
0x0FE1       [1]    FSR1L
0x0FE1       [2]    FSR1
0x0FE2       [1]    FSR1H
0x0FE4       [1]    PREINC1
0x0FE6       [1]    POSTINC1
0x0FE7       [1]    INDF1
0x0FE8       [1]    WREG
0x0FE9       [1]    FSR0L
0x0FEA       [1]    FSR0H
0x0FEE       [1]    POSTINC0
0x0FF2       [1]    INTCON
0x0FF3       [1]    PRODL
0x0FF4       [1]    PRODH
0x0FF5       [1]    TABLAT
0x0FF6       [3]    TBLPTR
0x0FF6       [1]    TBLPTRL
0x0FF7       [1]    TBLPTRH
0x0FF8       [1]    TBLPTRU
0x0FFD       [1]    TOSL
0x0FFE       [1]    TOSH
0x0FFF       [1]    TOSU
//** Constants locations ** 
//ADDRESS    SIZE    CONSTANT
//----------------------------------------------
0x0A7C       [8]    ?ICS__Lib_FT5XX6_OrientPrototype1
0x0A84       [8]    ?ICS__Lib_FT5XX6_OrientPrototype0
0x0A8C       [2]    ?ICS_flag
0x0A8E       [3]    ?ICS?lstr1_RTC
0x0A91       [2]    ?ICS_bb
0x0A93       [8]    ?ICS__Lib_FT5XX6_OrientPrototype2
0x0A9B       [4]    ?ICS__Lib_I2C_c34d01__I2C1_TIMEOUT
0x0A9F       [8]    ?ICS__Lib_FT5XX6_OrientPrototype3
